#
# A fatal error has been detected by the Java Runtime Environment:
#
#  EXCEPTION_ACCESS_VIOLATION (0xc0000005) at pc=0x00007ffee9c1b5cc, pid=3472, tid=10804
#
# JRE version: OpenJDK Runtime Environment Temurin-21.0.6+7 (21.0.6+7) (build 21.0.6+7-LTS)
# Java VM: OpenJDK 64-Bit Server VM Temurin-21.0.6+7 (21.0.6+7-LTS, mixed mode, sharing, tiered, compressed oops, compressed class ptrs, parallel gc, windows-amd64)
# Problematic frame:
# V  [jvm.dll+0x3bb5cc]
#
# No core dump will be written. Minidumps are not enabled by default on client versions of Windows
#
# If you would like to submit a bug report, please visit:
#   https://github.com/adoptium/adoptium-support/issues
#

---------------  S U M M A R Y ------------

Command Line: --add-modules=ALL-SYSTEM --add-opens=java.base/java.util=ALL-UNNAMED --add-opens=java.base/java.lang=ALL-UNNAMED --add-opens=java.base/sun.nio.fs=ALL-UNNAMED -Declipse.application=org.eclipse.jdt.ls.core.id1 -Dosgi.bundles.defaultStartLevel=4 -Declipse.product=org.eclipse.jdt.ls.core.product -Djava.import.generatesMetadataFilesAtProjectRoot=false -DDetectVMInstallationsJob.disabled=true -Dfile.encoding=utf8 -XX:+UseParallelGC -XX:GCTimeRatio=4 -XX:AdaptiveSizePolicyWeight=90 -Dsun.zip.disableMemoryMapping=true -Xmx1G -Xms100m -Xlog:disable -javaagent:c:\Users\DAYANA\.vscode\extensions\redhat.java-1.41.2025031912-win32-x64\lombok\lombok-1.18.36.jar -XX:+HeapDumpOnOutOfMemoryError -XX:HeapDumpPath=c:\Users\DAYANA\AppData\Roaming\Code\User\workspaceStorage\1da6c3c6b0dbd5d798585308e19b6636\redhat.java -Daether.dependencyCollector.impl=bf c:\Users\DAYANA\.vscode\extensions\redhat.java-1.41.2025031912-win32-x64\server\plugins\org.eclipse.equinox.launcher_1.6.1100.v20250306-0509.jar -configuration c:\Users\DAYANA\AppData\Roaming\Code\User\globalStorage\redhat.java\1.41.2025031912\config_win -data c:\Users\DAYANA\AppData\Roaming\Code\User\workspaceStorage\1da6c3c6b0dbd5d798585308e19b6636\redhat.java\jdt_ws --pipe=\\.\pipe\lsp-0c9b8b87f732f2cf8c76255cff1826c6-sock

Host: Intel(R) Core(TM) i3-4030U CPU @ 1.90GHz, 4 cores, 3G,  Windows 10 , 64 bit Build 19041 (10.0.19041.5438)
Time: Thu Mar 20 12:01:20 2025 Hora est. Pacífico, Sudamérica elapsed time: 1429.242912 seconds (0d 0h 23m 49s)

---------------  T H R E A D  ---------------

Current thread (0x00000218f93fcc10):  JavaThread "C2 CompilerThread1" daemon [_thread_in_native, id=10804, stack(0x00000044a7a00000,0x00000044a7b00000) (1024K)]


Current CompileTask:
C2:1429243 24528       4       org.eclipse.jdt.internal.compiler.ClassFile::traverse (7188 bytes)

Stack: [0x00000044a7a00000,0x00000044a7b00000],  sp=0x00000044a7afc730,  free space=1009k
Native frames: (J=compiled Java code, j=interpreted, Vv=VM code, C=native code)
V  [jvm.dll+0x3bb5cc]
V  [jvm.dll+0x3b4fec]
V  [jvm.dll+0x1dfe48]
V  [jvm.dll+0x247b42]
V  [jvm.dll+0x246fcf]
V  [jvm.dll+0x1c75ee]
V  [jvm.dll+0x25685a]
V  [jvm.dll+0x254dfa]
V  [jvm.dll+0x3f0256]
V  [jvm.dll+0x851f8b]
V  [jvm.dll+0x6cc5ed]
C  [ucrtbase.dll+0x21bb2]
C  [KERNEL32.DLL+0x17374]
C  [ntdll.dll+0x4cc91]


siginfo: EXCEPTION_ACCESS_VIOLATION (0xc0000005), reading address 0x00007f7eea4f63a0


Registers:
RAX=0x00000218fa8c34a0, RBX=0x00000044a7afc860, RCX=0x00000218fa8c34c0, RDX=0x0000000000000070
RSP=0x00000044a7afc730, RBP=0x00007f7eea4f63a0, RSI=0x00000044a7afe300, RDI=0x000000000000001c
R8 =0x0000000000000000, R9 =0x00000044a7afc9e0, R10=0x00000218fa8c3558, R11=0x00007ffeea496780
R12=0x00000218efeec668, R13=0x0000000000000020, R14=0x00000000000000e0, R15=0x00000218efda1380
RIP=0x00007ffee9c1b5cc, EFLAGS=0x0000000000010206

XMM[0]=0x0000000000000000 0x0000000000000000
XMM[1]=0x0000000000000000 0x0000020000000000
XMM[2]=0x0000000000000000 0x0000000000000000
XMM[3]=0x0000000000000000 0x0000000000000000
XMM[4]=0x0000000000000000 0x0000000000000000
XMM[5]=0x0000000000000000 0x0000000000000000
XMM[6]=0x0000000000000000 0x0000000000000000
XMM[7]=0x0000000000000000 0x0000000000000000
XMM[8]=0x0000000000000000 0x0000000000000000
XMM[9]=0x0000000000000000 0x0000000000000000
XMM[10]=0x0000000000000000 0x0000000000000000
XMM[11]=0x0000000000000000 0x0000000000000000
XMM[12]=0x0000000000000000 0x0000000000000000
XMM[13]=0x0000000000000000 0x0000000000000000
XMM[14]=0x0000000000000000 0x0000000000000000
XMM[15]=0x0000000000000000 0x0000000000000000
  MXCSR=0x00001fa0


Register to memory mapping:

RAX=0x00000218fa8c34a0 points into unknown readable memory: 0x00000218fa8c3480 | 80 34 8c fa 18 02 00 00
RBX=0x00000044a7afc860 is pointing into the stack for thread: 0x00000218f93fcc10
RCX=0x00000218fa8c34c0 points into unknown readable memory: 0x0000000000000000 | 00 00 00 00 00 00 00 00
RDX=0x0000000000000070 is an unknown value
RSP=0x00000044a7afc730 is pointing into the stack for thread: 0x00000218f93fcc10
RBP=0x00007f7eea4f63a0 is an unknown value
RSI=0x00000044a7afe300 is pointing into the stack for thread: 0x00000218f93fcc10
RDI=0x000000000000001c is an unknown value
R8 =0x0 is null
R9 =0x00000044a7afc9e0 is pointing into the stack for thread: 0x00000218f93fcc10
R10=0x00000218fa8c3558 points into unknown readable memory: 0x0000000000000000 | 00 00 00 00 00 00 00 00
R11=0x00007ffeea496780 jvm.dll
R12=0x00000218efeec668 points into unknown readable memory: 0x00000218ef963810 | 10 38 96 ef 18 02 00 00
R13=0x0000000000000020 is an unknown value
R14=0x00000000000000e0 is an unknown value
R15=0x00000218efda1380 points into unknown readable memory: 0x0000004500000020 | 20 00 00 00 45 00 00 00

Top of Stack: (sp=0x00000044a7afc730)
0x00000044a7afc730:   0000000000000000 00000044a7afc860
0x00000044a7afc740:   0000000000000001 00007ffee98ca1ed
0x00000044a7afc750:   00000218fa11f938 0000000000000002
0x00000044a7afc760:   00000044a7afce20 0000000000000000
0x00000044a7afc770:   00000044a7afce20 00007ffee9c14fec
0x00000044a7afc780:   00000044a7afc880 0000000000000000
0x00000044a7afc790:   0000000000000000 00000000001805b0
0x00000044a7afc7a0:   00000044a7afc7d0 0000000000000006
0x00000044a7afc7b0:   ffffffff00000002 00000218fa11fab8
0x00000044a7afc7c0:   0000000000000001 00000218fa11f938
0x00000044a7afc7d0:   0000000200000000 0000000e00000000
0x00000044a7afc7e0:   00007ffe00000000 0000000200000000
0x00000044a7afc7f0:   0000000d00000000 00007fff00000000
0x00000044a7afc800:   0000000600000794 0000021800000000
0x00000044a7afc810:   0000000000000000 0000000000000000
0x00000044a7afc820:   0000000300004484 0000004500000045
0x00000044a7afc830:   00000218fa8c3540 00000218fa8b4500
0x00000044a7afc840:   00000044a7afc860 00000218fa11fb04
0x00000044a7afc850:   00000218fa11fb0c 000000000000083e
0x00000044a7afc860:   0000004500000020 00000218fa8b4730
0x00000044a7afc870:   00000218f8acd670 00007ffee9925731
0x00000044a7afc880:   00000000000009e0 000000000000013c
0x00000044a7afc890:   00000218f01e8c40 000000000000083e
0x00000044a7afc8a0:   0000000000000000 00007ffee9e37b9b
0x00000044a7afc8b0:   0000000000000044 00000044a7afc949
0x00000044a7afc8c0:   0000000000000000 00000044a7afc949
0x00000044a7afc8d0:   00000044a7afc940 00007ffee9f7bade
0x00000044a7afc8e0:   00000000000009e0 00000218ef963880
0x00000044a7afc8f0:   0000021800000046 00000218f06829e0
0x00000044a7afc900:   00000218f8ad0000 0000000000000000
0x00000044a7afc910:   00000218fa516af0 00000218f0682900
0x00000044a7afc920:   00000218f01e8c40 00007ffeea295788 

Instructions: (pc=0x00007ffee9c1b5cc)
0x00007ffee9c1b4cc:   8b 93 90 00 00 00 b8 20 00 00 00 44 8b e8 48 c1
0x00007ffee9c1b4dc:   e2 03 48 8b 04 07 48 8b 88 60 06 00 00 48 8b 81
0x00007ffee9c1b4ec:   80 00 00 00 4c 8b 88 d0 08 00 00 49 8b 49 18 49
0x00007ffee9c1b4fc:   8b 41 20 48 2b c1 48 3b c2 72 0a 48 8d 04 11 49
0x00007ffee9c1b50c:   89 41 18 eb 0e 45 33 c0 49 8b c9 e8 24 9f d0 ff
0x00007ffee9c1b51c:   48 8b c8 ba 70 00 00 00 33 ff 48 89 4b 08 39 bb
0x00007ffee9c1b52c:   90 00 00 00 0f 86 d6 00 00 00 65 48 8b 04 25 58
0x00007ffee9c1b53c:   00 00 00 48 8d 0d 5a ae 8d 00 48 89 6c 24 50 4c
0x00007ffee9c1b54c:   89 64 24 58 4c 89 74 24 60 4c 8d 24 f0 0f 1f 80
0x00007ffee9c1b55c:   00 00 00 00 49 8b 47 08 4c 8d 34 fd 00 00 00 00
0x00007ffee9c1b56c:   49 8b 2c 06 48 3b e9 75 0a 48 8b 43 08 49 89 0c
0x00007ffee9c1b57c:   06 eb 6b 49 8b 34 24 80 3c 16 00 75 05 e8 22 ba
0x00007ffee9c1b58c:   58 00 4a 8b 04 2e 48 8b 88 60 06 00 00 48 8b b1
0x00007ffee9c1b59c:   80 00 00 00 48 8b 8e d8 08 00 00 48 85 c9 75 0c
0x00007ffee9c1b5ac:   e8 2f 09 00 00 48 8b 8e d8 08 00 00 48 8b 01 0f
0x00007ffee9c1b5bc:   57 c0 48 89 86 d8 08 00 00 0f 11 01 0f 11 41 10
0x00007ffee9c1b5cc:   0f 10 45 00 0f 11 01 0f 10 4d 10 0f 11 49 10 48
0x00007ffee9c1b5dc:   8b 43 08 49 89 0c 06 48 8d 0d b6 ad 8d 00 ff c7
0x00007ffee9c1b5ec:   ba 70 00 00 00 3b bb 90 00 00 00 0f 82 63 ff ff
0x00007ffee9c1b5fc:   ff 4c 8b 74 24 60 4c 8b 64 24 58 48 8b 6c 24 50
0x00007ffee9c1b60c:   48 8b c3 48 83 c4 20 41 5f 41 5d 5f 5e 5b c3 cc
0x00007ffee9c1b61c:   cc cc cc cc 48 89 74 24 18 57 48 83 ec 20 8b 51
0x00007ffee9c1b62c:   0c 48 8b f9 83 fa 04 73 29 48 8b 49 18 0f 1f 80
0x00007ffee9c1b63c:   00 00 00 00 8b c2 44 8d 4a 01 48 83 3c c1 00 4c
0x00007ffee9c1b64c:   8d 14 c1 0f 85 91 00 00 00 41 8b d1 41 83 f9 04
0x00007ffee9c1b65c:   72 e2 48 89 5c 24 30 8b 5f 10 48 89 6c 24 38 3b
0x00007ffee9c1b66c:   5f 14 73 5f 48 8d 2d 29 ad 8d 00 66 0f 1f 84 00
0x00007ffee9c1b67c:   00 00 00 00 48 8b 47 20 8b cb 48 8b 14 c8 48 3b
0x00007ffee9c1b68c:   d5 74 39 33 c0 48 89 57 18 33 c9 66 0f 1f 84 00
0x00007ffee9c1b69c:   00 00 00 00 48 83 3c 11 00 44 8d 48 01 75 78 48
0x00007ffee9c1b6ac:   83 c1 08 41 8b c1 41 83 f9 04 72 e8 48 8b 4f 28
0x00007ffee9c1b6bc:   48 85 c9 74 07 8b d3 e8 58 01 00 00 ff c3 3b 5f 


Stack slot to memory mapping:

stack at sp + 0 slots: 0x0 is null
stack at sp + 1 slots: 0x00000044a7afc860 is pointing into the stack for thread: 0x00000218f93fcc10
stack at sp + 2 slots: 0x0000000000000001 is an unknown value
stack at sp + 3 slots: 0x00007ffee98ca1ed jvm.dll
stack at sp + 4 slots: 0x00000218fa11f938 points into unknown readable memory: 0x00007ffeea24a788 | 88 a7 24 ea fe 7f 00 00
stack at sp + 5 slots: 0x0000000000000002 is an unknown value
stack at sp + 6 slots: 0x00000044a7afce20 is pointing into the stack for thread: 0x00000218f93fcc10
stack at sp + 7 slots: 0x0 is null


---------------  P R O C E S S  ---------------

Threads class SMR info:
_java_thread_list=0x00000218ee231ca0, length=40, elements={
0x000002189244fe20, 0x00000218a677a2a0, 0x00000218a677bba0, 0x00000218a677f730,
0x00000218a6780640, 0x00000218a6781550, 0x00000218a6784fd0, 0x00000218a6785e00,
0x00000218a67f5ef0, 0x00000218e85a7190, 0x00000218e87e5100, 0x00000218ed2502c0,
0x00000218ed216a90, 0x00000218e86f8f80, 0x00000218e86f95e0, 0x00000218ed6b03d0,
0x00000218ed90d4f0, 0x00000218a67c0280, 0x00000218a67c0fa0, 0x00000218a67c1cc0,
0x00000218a67bfbf0, 0x00000218ef44a930, 0x00000218ef44afc0, 0x00000218ef44ead0,
0x00000218ef44b650, 0x00000218ef44f160, 0x00000218ef448860, 0x00000218ef449c10,
0x00000218ef448ef0, 0x00000218a67c3070, 0x00000218f916db90, 0x00000218f916ef40,
0x00000218f916ce70, 0x00000218ef593890, 0x00000218ef595960, 0x00000218ef44d090,
0x00000218ef44a2a0, 0x00000218ef44ddb0, 0x00000218ef44ca00, 0x00000218f93fcc10
}

Java Threads: ( => current thread )
  0x000002189244fe20 JavaThread "main"                              [_thread_blocked, id=7724, stack(0x00000044a5e00000,0x00000044a5f00000) (1024K)]
  0x00000218a677a2a0 JavaThread "Reference Handler"          daemon [_thread_blocked, id=2088, stack(0x00000044a6200000,0x00000044a6300000) (1024K)]
  0x00000218a677bba0 JavaThread "Finalizer"                  daemon [_thread_blocked, id=8472, stack(0x00000044a6300000,0x00000044a6400000) (1024K)]
  0x00000218a677f730 JavaThread "Signal Dispatcher"          daemon [_thread_blocked, id=10244, stack(0x00000044a6400000,0x00000044a6500000) (1024K)]
  0x00000218a6780640 JavaThread "Attach Listener"            daemon [_thread_blocked, id=2592, stack(0x00000044a6500000,0x00000044a6600000) (1024K)]
  0x00000218a6781550 JavaThread "Service Thread"             daemon [_thread_blocked, id=10124, stack(0x00000044a6600000,0x00000044a6700000) (1024K)]
  0x00000218a6784fd0 JavaThread "Monitor Deflation Thread"   daemon [_thread_blocked, id=5500, stack(0x00000044a6700000,0x00000044a6800000) (1024K)]
  0x00000218a6785e00 JavaThread "C2 CompilerThread0"         daemon [_thread_blocked, id=10420, stack(0x00000044a6800000,0x00000044a6900000) (1024K)]
  0x00000218a67f5ef0 JavaThread "C1 CompilerThread0"         daemon [_thread_blocked, id=6232, stack(0x00000044a6900000,0x00000044a6a00000) (1024K)]
  0x00000218e85a7190 JavaThread "Common-Cleaner"             daemon [_thread_blocked, id=7436, stack(0x00000044a6a00000,0x00000044a6b00000) (1024K)]
  0x00000218e87e5100 JavaThread "Notification Thread"        daemon [_thread_blocked, id=7756, stack(0x00000044a6b00000,0x00000044a6c00000) (1024K)]
  0x00000218ed2502c0 JavaThread "Active Thread: Equinox Container: d2a47be2-10ff-478d-93ec-08323d0f07fe"        [_thread_blocked, id=1372, stack(0x00000044a6f00000,0x00000044a7000000) (1024K)]
  0x00000218ed216a90 JavaThread "Refresh Thread: Equinox Container: d2a47be2-10ff-478d-93ec-08323d0f07fe" daemon [_thread_blocked, id=5368, stack(0x00000044a7000000,0x00000044a7100000) (1024K)]
  0x00000218e86f8f80 JavaThread "Framework Event Dispatcher: Equinox Container: d2a47be2-10ff-478d-93ec-08323d0f07fe" daemon [_thread_blocked, id=2328, stack(0x00000044a7100000,0x00000044a7200000) (1024K)]
  0x00000218e86f95e0 JavaThread "Start Level: Equinox Container: d2a47be2-10ff-478d-93ec-08323d0f07fe" daemon [_thread_blocked, id=10296, stack(0x00000044a7200000,0x00000044a7300000) (1024K)]
  0x00000218ed6b03d0 JavaThread "Bundle File Closer"         daemon [_thread_blocked, id=10120, stack(0x00000044a7400000,0x00000044a7500000) (1024K)]
  0x00000218ed90d4f0 JavaThread "SCR Component Actor"        daemon [_thread_blocked, id=9184, stack(0x00000044a7300000,0x00000044a7400000) (1024K)]
  0x00000218a67c0280 JavaThread "Worker-JM"                         [_thread_blocked, id=1796, stack(0x00000044a7600000,0x00000044a7700000) (1024K)]
  0x00000218a67c0fa0 JavaThread "JNA Cleaner"                daemon [_thread_blocked, id=1932, stack(0x00000044a7700000,0x00000044a7800000) (1024K)]
  0x00000218a67c1cc0 JavaThread "Java indexing"              daemon [_thread_blocked, id=9364, stack(0x00000044a7500000,0x00000044a7600000) (1024K)]
  0x00000218a67bfbf0 JavaThread "Thread-2"                   daemon [_thread_in_native, id=5604, stack(0x00000044a8000000,0x00000044a8100000) (1024K)]
  0x00000218ef44a930 JavaThread "Thread-3"                   daemon [_thread_in_native, id=3544, stack(0x00000044a8100000,0x00000044a8200000) (1024K)]
  0x00000218ef44afc0 JavaThread "Thread-4"                   daemon [_thread_in_native, id=10412, stack(0x00000044a8200000,0x00000044a8300000) (1024K)]
  0x00000218ef44ead0 JavaThread "Thread-5"                   daemon [_thread_in_native, id=5196, stack(0x00000044a8300000,0x00000044a8400000) (1024K)]
  0x00000218ef44b650 JavaThread "Thread-6"                   daemon [_thread_in_native, id=2768, stack(0x00000044a8400000,0x00000044a8500000) (1024K)]
  0x00000218ef44f160 JavaThread "pool-2-thread-1"                   [_thread_blocked, id=2272, stack(0x00000044a8500000,0x00000044a8600000) (1024K)]
  0x00000218ef448860 JavaThread "WorkspaceEventsHandler"            [_thread_blocked, id=11156, stack(0x00000044a7e00000,0x00000044a7f00000) (1024K)]
  0x00000218ef449c10 JavaThread "pool-1-thread-1"                   [_thread_blocked, id=10852, stack(0x00000044a8600000,0x00000044a8700000) (1024K)]
  0x00000218ef448ef0 JavaThread "Cleaner-0"                  daemon [_thread_blocked, id=6464, stack(0x00000044a8d00000,0x00000044a8e00000) (1024K)]
  0x00000218a67c3070 JavaThread "Java Debug Server"          daemon [_thread_in_native, id=10028, stack(0x00000044a9000000,0x00000044a9100000) (1024K)]
  0x00000218f916db90 JavaThread "RxSchedulerPurge-1"         daemon [_thread_blocked, id=8752, stack(0x00000044a9200000,0x00000044a9300000) (1024K)]
  0x00000218f916ef40 JavaThread "RxCachedWorkerPoolEvictor-1" daemon [_thread_blocked, id=6412, stack(0x00000044a9400000,0x00000044a9500000) (1024K)]
  0x00000218f916ce70 JavaThread "Worker-12"                         [_thread_blocked, id=3052, stack(0x00000044a5c00000,0x00000044a5d00000) (1024K)]
  0x00000218ef593890 JavaThread "Compiler Source File Reader" daemon [_thread_blocked, id=5076, stack(0x00000044a7800000,0x00000044a7900000) (1024K)]
  0x00000218ef595960 JavaThread "Worker-13"                         [_thread_blocked, id=10108, stack(0x00000044a7900000,0x00000044a7a00000) (1024K)]
  0x00000218ef44d090 JavaThread "ForkJoinPool.commonPool-worker-5" daemon [_thread_blocked, id=8028, stack(0x00000044a7f00000,0x00000044a8000000) (1024K)]
  0x00000218ef44a2a0 JavaThread "ForkJoinPool.commonPool-worker-6" daemon [_thread_blocked, id=2824, stack(0x00000044a8800000,0x00000044a8900000) (1024K)]
  0x00000218ef44ddb0 JavaThread "Compiler Source File Reader" daemon [_thread_blocked, id=7576, stack(0x00000044a8900000,0x00000044a8a00000) (1024K)]
  0x00000218ef44ca00 JavaThread "ForkJoinPool.commonPool-worker-7" daemon [_thread_blocked, id=3224, stack(0x00000044a5d00000,0x00000044a5e00000) (1024K)]
=>0x00000218f93fcc10 JavaThread "C2 CompilerThread1"         daemon [_thread_in_native, id=10804, stack(0x00000044a7a00000,0x00000044a7b00000) (1024K)]
Total: 40

Other Threads:
  0x00000218a675e480 VMThread "VM Thread"                           [id=10864, stack(0x00000044a6100000,0x00000044a6200000) (1024K)]
  0x00000218a66d1c40 WatcherThread "VM Periodic Task Thread"        [id=9940, stack(0x00000044a6000000,0x00000044a6100000) (1024K)]
  0x0000021892471ed0 WorkerThread "GC Thread#0"                     [id=11056, stack(0x00000044a5f00000,0x00000044a6000000) (1024K)]
  0x00000218ed29ac10 WorkerThread "GC Thread#1"                     [id=7276, stack(0x00000044a6c00000,0x00000044a6d00000) (1024K)]
  0x00000218ed26fe00 WorkerThread "GC Thread#2"                     [id=3960, stack(0x00000044a6d00000,0x00000044a6e00000) (1024K)]
  0x00000218ed2701a0 WorkerThread "GC Thread#3"                     [id=9336, stack(0x00000044a6e00000,0x00000044a6f00000) (1024K)]
Total: 6

Threads with active compile tasks:
C2 CompilerThread1  1429353 24528       4       org.eclipse.jdt.internal.compiler.ClassFile::traverse (7188 bytes)
Total: 1

VM state: not at safepoint (normal execution)

VM Mutex/Monitor currently owned by a thread: None

Heap address: 0x00000000c0000000, size: 1024 MB, Compressed Oops mode: 32-bit

CDS archive(s) mapped at: [0x00000218a7000000-0x00000218a7ba0000-0x00000218a7ba0000), size 12189696, SharedBaseAddress: 0x00000218a7000000, ArchiveRelocationMode: 1.
Compressed class space mapped at: 0x00000218a8000000-0x00000218e8000000, reserved size: 1073741824
Narrow klass base: 0x00000218a7000000, Narrow klass shift: 0, Narrow klass range: 0x100000000

GC Precious Log:
 CardTable entry size: 512
 CPUs: 4 total, 4 available
 Memory: 4004M
 Large Page Support: Disabled
 NUMA Support: Disabled
 Compressed Oops: Enabled (32-bit)
 Alignments: Space 512K, Generation 512K, Heap 2M
 Heap Min Capacity: 100M
 Heap Initial Capacity: 100M
 Heap Max Capacity: 1G
 Pre-touch: Disabled
 Parallel Workers: 4

Heap:
 PSYoungGen      total 5632K, used 4477K [0x00000000eab00000, 0x00000000eb300000, 0x0000000100000000)
  eden space 4096K, 72% used [0x00000000eab00000,0x00000000eade3788,0x00000000eaf00000)
  from space 1536K, 98% used [0x00000000eaf00000,0x00000000eb07bce8,0x00000000eb080000)
  to   space 2048K, 0% used [0x00000000eb100000,0x00000000eb100000,0x00000000eb300000)
 ParOldGen       total 650240K, used 649793K [0x00000000c0000000, 0x00000000e7b00000, 0x00000000eab00000)
  object space 650240K, 99% used [0x00000000c0000000,0x00000000e7a90718,0x00000000e7b00000)
 Metaspace       used 92642K, committed 94464K, reserved 1179648K
  class space    used 9362K, committed 10240K, reserved 1048576K

Card table byte_map: [0x0000021891e20000,0x0000021892030000] _byte_map_base: 0x0000021891820000

Marking Bits: (ParMarkBitMap*) 0x00007ffeea513260
 Begin Bits: [0x00000218a4650000, 0x00000218a5650000)
 End Bits:   [0x00000218a5650000, 0x00000218a6650000)

Polling page: 0x0000021890180000

Metaspace:

Usage:
  Non-class:     81.33 MB used.
      Class:      9.14 MB used.
       Both:     90.47 MB used.

Virtual space:
  Non-class space:      128.00 MB reserved,      82.25 MB ( 64%) committed,  2 nodes.
      Class space:        1.00 GB reserved,      10.00 MB ( <1%) committed,  1 nodes.
             Both:        1.12 GB reserved,      92.25 MB (  8%) committed. 

Chunk freelists:
   Non-Class:  13.77 MB
       Class:  5.97 MB
        Both:  19.74 MB

MaxMetaspaceSize: unlimited
CompressedClassSpaceSize: 1.00 GB
Initial GC threshold: 21.00 MB
Current GC threshold: 149.31 MB
CDS: on
 - commit_granule_bytes: 65536.
 - commit_granule_words: 8192.
 - virtual_space_node_default_size: 8388608.
 - enlarge_chunks_in_place: 1.
 - use_allocation_guard: 0.


Internal statistics:

num_allocs_failed_limit: 11.
num_arena_births: 1794.
num_arena_deaths: 16.
num_vsnodes_births: 3.
num_vsnodes_deaths: 0.
num_space_committed: 1476.
num_space_uncommitted: 0.
num_chunks_returned_to_freelist: 27.
num_chunks_taken_from_freelist: 6345.
num_chunk_merges: 17.
num_chunk_splits: 3800.
num_chunks_enlarged: 2024.
num_inconsistent_stats: 0.

CodeHeap 'non-profiled nmethods': size=120000Kb used=24437Kb max_used=24437Kb free=95563Kb
 bounds [0x000002189d120000, 0x000002189e900000, 0x00000218a4650000]
CodeHeap 'profiled nmethods': size=120000Kb used=43667Kb max_used=43667Kb free=76332Kb
 bounds [0x0000021895650000, 0x0000021898100000, 0x000002189cb80000]
CodeHeap 'non-nmethods': size=5760Kb used=1543Kb max_used=1614Kb free=4216Kb
 bounds [0x000002189cb80000, 0x000002189cdf0000, 0x000002189d120000]
 total_blobs=19659 nmethods=18784 adapters=772
 compilation: enabled
              stopped_count=0, restarted_count=0
 full_count=0

Compilation events (20 events):
Event: 1428.395 Thread 0x00000218a67f5ef0 nmethod 24534 0x00000218980f4a90 code [0x00000218980f4cc0, 0x00000218980f5408]
Event: 1428.395 Thread 0x00000218a67f5ef0 24533       3       org.eclipse.jdt.internal.compiler.flow.ExceptionHandlingFlowContext::<init> (53 bytes)
Event: 1428.395 Thread 0x00000218a67f5ef0 nmethod 24533 0x00000218980f5790 code [0x00000218980f5980, 0x00000218980f5d48]
Event: 1428.396 Thread 0x00000218a67f5ef0 24535       3       org.eclipse.jdt.internal.compiler.ast.TryStatement::prepareCatchInfo (139 bytes)
Event: 1428.397 Thread 0x00000218a67f5ef0 nmethod 24535 0x00000218980f5f10 code [0x00000218980f6200, 0x00000218980f7138]
Event: 1428.397 Thread 0x00000218a67f5ef0 24531       3       org.eclipse.jdt.internal.compiler.ast.ConstructorDeclaration::isRecursive (132 bytes)
Event: 1428.400 Thread 0x00000218a67f5ef0 nmethod 24531 0x00000218980f7790 code [0x00000218980f7a60, 0x00000218980f8bb0]
Event: 1428.400 Thread 0x00000218a67f5ef0 24532   !   3       org.eclipse.jdt.internal.compiler.ast.ExplicitConstructorCall::analyseCode (267 bytes)
Event: 1428.403 Thread 0x00000218a67f5ef0 nmethod 24532 0x00000218980f9010 code [0x00000218980f9340, 0x00000218980fa828]
Event: 1428.411 Thread 0x00000218a67f5ef0 24537       1       org.eclipse.jface.text.templates.TemplateVariableType::getName (5 bytes)
Event: 1428.412 Thread 0x00000218a67f5ef0 nmethod 24537 0x000002189e8f5790 code [0x000002189e8f5920, 0x000002189e8f59e8]
Event: 1428.441 Thread 0x00000218a6785e00 nmethod 24520 0x000002189e8f5a90 code [0x000002189e8f6020, 0x000002189e8f8e00]
Event: 1428.441 Thread 0x00000218a6785e00 24529       4       org.eclipse.jdt.internal.compiler.lookup.SourceTypeBinding::syntheticMethods (175 bytes)
Event: 1428.467 Thread 0x00000218a6785e00 nmethod 24529 0x000002189e8fad10 code [0x000002189e8faf20, 0x000002189e8fb8d8]
Event: 1428.467 Thread 0x00000218a6785e00 24526       4       org.eclipse.jdt.internal.compiler.ast.QualifiedNameReference::checkNPE (106 bytes)
Event: 1428.475 Thread 0x00000218a6785e00 nmethod 24526 0x000002189e8fc090 code [0x000002189e8fc280, 0x000002189e8fc6f8]
Event: 1428.475 Thread 0x00000218a6785e00 24523       4       org.eclipse.jdt.internal.compiler.parser.Parser::newAllocationExpression (25 bytes)
Event: 1428.477 Thread 0x00000218a6785e00 nmethod 24523 0x000002189e8fcc10 code [0x000002189e8fcda0, 0x000002189e8fcef8]
Event: 1428.477 Thread 0x00000218a6785e00 24521   !   4       org.eclipse.jdt.internal.core.SourceTypeElementInfo::getEnclosingType (41 bytes)
Event: 1428.478 Thread 0x00000218a6785e00 nmethod 24521 0x000002189e8fd010 code [0x000002189e8fd1a0, 0x000002189e8fd2a0]

GC Heap History (20 events):
Event: 1416.756 GC heap before
{Heap before GC invocations=2539 (full 7):
 PSYoungGen      total 5632K, used 5552K [0x00000000eab00000, 0x00000000eb300000, 0x0000000100000000)
  eden space 4096K, 100% used [0x00000000eab00000,0x00000000eaf00000,0x00000000eaf00000)
  from space 1536K, 94% used [0x00000000eaf80000,0x00000000eb0ec2b0,0x00000000eb100000)
  to   space 2048K, 0% used [0x00000000eb100000,0x00000000eb100000,0x00000000eb300000)
 ParOldGen       total 644096K, used 643755K [0x00000000c0000000, 0x00000000e7500000, 0x00000000eab00000)
  object space 644096K, 99% used [0x00000000c0000000,0x00000000e74aad08,0x00000000e7500000)
 Metaspace       used 91816K, committed 93632K, reserved 1179648K
  class space    used 9240K, committed 10112K, reserved 1048576K
}
Event: 1416.764 GC heap after
{Heap after GC invocations=2539 (full 7):
 PSYoungGen      total 5632K, used 1172K [0x00000000eab00000, 0x00000000eb280000, 0x0000000100000000)
  eden space 4096K, 0% used [0x00000000eab00000,0x00000000eab00000,0x00000000eaf00000)
  from space 1536K, 76% used [0x00000000eb100000,0x00000000eb225240,0x00000000eb280000)
  to   space 1536K, 0% used [0x00000000eaf80000,0x00000000eaf80000,0x00000000eb100000)
 ParOldGen       total 645632K, used 645139K [0x00000000c0000000, 0x00000000e7680000, 0x00000000eab00000)
  object space 645632K, 99% used [0x00000000c0000000,0x00000000e7604f28,0x00000000e7680000)
 Metaspace       used 91816K, committed 93632K, reserved 1179648K
  class space    used 9240K, committed 10112K, reserved 1048576K
}
Event: 1416.807 GC heap before
{Heap before GC invocations=2540 (full 7):
 PSYoungGen      total 5632K, used 5268K [0x00000000eab00000, 0x00000000eb280000, 0x0000000100000000)
  eden space 4096K, 100% used [0x00000000eab00000,0x00000000eaf00000,0x00000000eaf00000)
  from space 1536K, 76% used [0x00000000eb100000,0x00000000eb225240,0x00000000eb280000)
  to   space 1536K, 0% used [0x00000000eaf80000,0x00000000eaf80000,0x00000000eb100000)
 ParOldGen       total 645632K, used 645139K [0x00000000c0000000, 0x00000000e7680000, 0x00000000eab00000)
  object space 645632K, 99% used [0x00000000c0000000,0x00000000e7604f28,0x00000000e7680000)
 Metaspace       used 91816K, committed 93632K, reserved 1179648K
  class space    used 9240K, committed 10112K, reserved 1048576K
}
Event: 1416.813 GC heap after
{Heap after GC invocations=2540 (full 7):
 PSYoungGen      total 5632K, used 1411K [0x00000000eab00000, 0x00000000eb200000, 0x0000000100000000)
  eden space 4096K, 0% used [0x00000000eab00000,0x00000000eab00000,0x00000000eaf00000)
  from space 1536K, 91% used [0x00000000eaf80000,0x00000000eb0e0c60,0x00000000eb100000)
  to   space 1024K, 0% used [0x00000000eb100000,0x00000000eb100000,0x00000000eb200000)
 ParOldGen       total 646144K, used 645739K [0x00000000c0000000, 0x00000000e7700000, 0x00000000eab00000)
  object space 646144K, 99% used [0x00000000c0000000,0x00000000e769ad08,0x00000000e7700000)
 Metaspace       used 91816K, committed 93632K, reserved 1179648K
  class space    used 9240K, committed 10112K, reserved 1048576K
}
Event: 1418.481 GC heap before
{Heap before GC invocations=2541 (full 7):
 PSYoungGen      total 5632K, used 5507K [0x00000000eab00000, 0x00000000eb200000, 0x0000000100000000)
  eden space 4096K, 100% used [0x00000000eab00000,0x00000000eaf00000,0x00000000eaf00000)
  from space 1536K, 91% used [0x00000000eaf80000,0x00000000eb0e0c60,0x00000000eb100000)
  to   space 1024K, 0% used [0x00000000eb100000,0x00000000eb100000,0x00000000eb200000)
 ParOldGen       total 646144K, used 645739K [0x00000000c0000000, 0x00000000e7700000, 0x00000000eab00000)
  object space 646144K, 99% used [0x00000000c0000000,0x00000000e769ad08,0x00000000e7700000)
 Metaspace       used 91910K, committed 93696K, reserved 1179648K
  class space    used 9256K, committed 10112K, reserved 1048576K
}
Event: 1418.484 GC heap after
{Heap after GC invocations=2541 (full 7):
 PSYoungGen      total 4608K, used 160K [0x00000000eab00000, 0x00000000eb180000, 0x0000000100000000)
  eden space 4096K, 0% used [0x00000000eab00000,0x00000000eab00000,0x00000000eaf00000)
  from space 512K, 31% used [0x00000000eb100000,0x00000000eb128000,0x00000000eb180000)
  to   space 1024K, 0% used [0x00000000eaf80000,0x00000000eaf80000,0x00000000eb080000)
 ParOldGen       total 646144K, used 645819K [0x00000000c0000000, 0x00000000e7700000, 0x00000000eab00000)
  object space 646144K, 99% used [0x00000000c0000000,0x00000000e76aed08,0x00000000e7700000)
 Metaspace       used 91910K, committed 93696K, reserved 1179648K
  class space    used 9256K, committed 10112K, reserved 1048576K
}
Event: 1422.131 GC heap before
{Heap before GC invocations=2542 (full 7):
 PSYoungGen      total 4608K, used 4256K [0x00000000eab00000, 0x00000000eb180000, 0x0000000100000000)
  eden space 4096K, 100% used [0x00000000eab00000,0x00000000eaf00000,0x00000000eaf00000)
  from space 512K, 31% used [0x00000000eb100000,0x00000000eb128000,0x00000000eb180000)
  to   space 1024K, 0% used [0x00000000eaf80000,0x00000000eaf80000,0x00000000eb080000)
 ParOldGen       total 646144K, used 645819K [0x00000000c0000000, 0x00000000e7700000, 0x00000000eab00000)
  object space 646144K, 99% used [0x00000000c0000000,0x00000000e76aed08,0x00000000e7700000)
 Metaspace       used 91910K, committed 93696K, reserved 1179648K
  class space    used 9256K, committed 10112K, reserved 1048576K
}
Event: 1422.136 GC heap after
{Heap after GC invocations=2542 (full 7):
 PSYoungGen      total 5120K, used 1021K [0x00000000eab00000, 0x00000000eb600000, 0x0000000100000000)
  eden space 4096K, 0% used [0x00000000eab00000,0x00000000eab00000,0x00000000eaf00000)
  from space 1024K, 99% used [0x00000000eaf80000,0x00000000eb07f4b8,0x00000000eb080000)
  to   space 3584K, 0% used [0x00000000eb280000,0x00000000eb280000,0x00000000eb600000)
 ParOldGen       total 647680K, used 647491K [0x00000000c0000000, 0x00000000e7880000, 0x00000000eab00000)
  object space 647680K, 99% used [0x00000000c0000000,0x00000000e7850d08,0x00000000e7880000)
 Metaspace       used 91910K, committed 93696K, reserved 1179648K
  class space    used 9256K, committed 10112K, reserved 1048576K
}
Event: 1425.965 GC heap before
{Heap before GC invocations=2543 (full 7):
 PSYoungGen      total 5120K, used 5117K [0x00000000eab00000, 0x00000000eb600000, 0x0000000100000000)
  eden space 4096K, 100% used [0x00000000eab00000,0x00000000eaf00000,0x00000000eaf00000)
  from space 1024K, 99% used [0x00000000eaf80000,0x00000000eb07f4b8,0x00000000eb080000)
  to   space 3584K, 0% used [0x00000000eb280000,0x00000000eb280000,0x00000000eb600000)
 ParOldGen       total 647680K, used 647491K [0x00000000c0000000, 0x00000000e7880000, 0x00000000eab00000)
  object space 647680K, 99% used [0x00000000c0000000,0x00000000e7850d08,0x00000000e7880000)
 Metaspace       used 91910K, committed 93696K, reserved 1179648K
  class space    used 9256K, committed 10112K, reserved 1048576K
}
Event: 1425.968 GC heap after
{Heap after GC invocations=2543 (full 7):
 PSYoungGen      total 4608K, used 128K [0x00000000eab00000, 0x00000000eb300000, 0x0000000100000000)
  eden space 4096K, 0% used [0x00000000eab00000,0x00000000eab00000,0x00000000eaf00000)
  from space 512K, 25% used [0x00000000eb280000,0x00000000eb2a0000,0x00000000eb300000)
  to   space 1536K, 0% used [0x00000000eb000000,0x00000000eb000000,0x00000000eb180000)
 ParOldGen       total 647680K, used 647523K [0x00000000c0000000, 0x00000000e7880000, 0x00000000eab00000)
  object space 647680K, 99% used [0x00000000c0000000,0x00000000e7858d08,0x00000000e7880000)
 Metaspace       used 91910K, committed 93696K, reserved 1179648K
  class space    used 9256K, committed 10112K, reserved 1048576K
}
Event: 1427.744 GC heap before
{Heap before GC invocations=2544 (full 7):
 PSYoungGen      total 4608K, used 4224K [0x00000000eab00000, 0x00000000eb300000, 0x0000000100000000)
  eden space 4096K, 100% used [0x00000000eab00000,0x00000000eaf00000,0x00000000eaf00000)
  from space 512K, 25% used [0x00000000eb280000,0x00000000eb2a0000,0x00000000eb300000)
  to   space 1536K, 0% used [0x00000000eb000000,0x00000000eb000000,0x00000000eb180000)
 ParOldGen       total 647680K, used 647523K [0x00000000c0000000, 0x00000000e7880000, 0x00000000eab00000)
  object space 647680K, 99% used [0x00000000c0000000,0x00000000e7858d08,0x00000000e7880000)
 Metaspace       used 91910K, committed 93696K, reserved 1179648K
  class space    used 9256K, committed 10112K, reserved 1048576K
}
Event: 1427.746 GC heap after
{Heap after GC invocations=2544 (full 7):
 PSYoungGen      total 5632K, used 128K [0x00000000eab00000, 0x00000000eb300000, 0x0000000100000000)
  eden space 4096K, 0% used [0x00000000eab00000,0x00000000eab00000,0x00000000eaf00000)
  from space 1536K, 8% used [0x00000000eb000000,0x00000000eb020000,0x00000000eb180000)
  to   space 512K, 0% used [0x00000000eb280000,0x00000000eb280000,0x00000000eb300000)
 ParOldGen       total 647680K, used 647531K [0x00000000c0000000, 0x00000000e7880000, 0x00000000eab00000)
  object space 647680K, 99% used [0x00000000c0000000,0x00000000e785ad08,0x00000000e7880000)
 Metaspace       used 91910K, committed 93696K, reserved 1179648K
  class space    used 9256K, committed 10112K, reserved 1048576K
}
Event: 1428.135 GC heap before
{Heap before GC invocations=2545 (full 7):
 PSYoungGen      total 5632K, used 4224K [0x00000000eab00000, 0x00000000eb300000, 0x0000000100000000)
  eden space 4096K, 100% used [0x00000000eab00000,0x00000000eaf00000,0x00000000eaf00000)
  from space 1536K, 8% used [0x00000000eb000000,0x00000000eb020000,0x00000000eb180000)
  to   space 512K, 0% used [0x00000000eb280000,0x00000000eb280000,0x00000000eb300000)
 ParOldGen       total 647680K, used 647531K [0x00000000c0000000, 0x00000000e7880000, 0x00000000eab00000)
  object space 647680K, 99% used [0x00000000c0000000,0x00000000e785ad08,0x00000000e7880000)
 Metaspace       used 92397K, committed 94272K, reserved 1179648K
  class space    used 9336K, committed 10240K, reserved 1048576K
}
Event: 1428.142 GC heap after
{Heap after GC invocations=2545 (full 7):
 PSYoungGen      total 4608K, used 192K [0x00000000eab00000, 0x00000000eb300000, 0x0000000100000000)
  eden space 4096K, 0% used [0x00000000eab00000,0x00000000eab00000,0x00000000eaf00000)
  from space 512K, 37% used [0x00000000eb280000,0x00000000eb2b0000,0x00000000eb300000)
  to   space 512K, 0% used [0x00000000eb200000,0x00000000eb200000,0x00000000eb280000)
 ParOldGen       total 647680K, used 647547K [0x00000000c0000000, 0x00000000e7880000, 0x00000000eab00000)
  object space 647680K, 99% used [0x00000000c0000000,0x00000000e785ed08,0x00000000e7880000)
 Metaspace       used 92397K, committed 94272K, reserved 1179648K
  class space    used 9336K, committed 10240K, reserved 1048576K
}
Event: 1428.276 GC heap before
{Heap before GC invocations=2546 (full 7):
 PSYoungGen      total 4608K, used 4288K [0x00000000eab00000, 0x00000000eb300000, 0x0000000100000000)
  eden space 4096K, 100% used [0x00000000eab00000,0x00000000eaf00000,0x00000000eaf00000)
  from space 512K, 37% used [0x00000000eb280000,0x00000000eb2b0000,0x00000000eb300000)
  to   space 512K, 0% used [0x00000000eb200000,0x00000000eb200000,0x00000000eb280000)
 ParOldGen       total 647680K, used 647547K [0x00000000c0000000, 0x00000000e7880000, 0x00000000eab00000)
  object space 647680K, 99% used [0x00000000c0000000,0x00000000e785ed08,0x00000000e7880000)
 Metaspace       used 92610K, committed 94464K, reserved 1179648K
  class space    used 9362K, committed 10240K, reserved 1048576K
}
Event: 1428.280 GC heap after
{Heap after GC invocations=2546 (full 7):
 PSYoungGen      total 4608K, used 508K [0x00000000eab00000, 0x00000000eb300000, 0x0000000100000000)
  eden space 4096K, 0% used [0x00000000eab00000,0x00000000eab00000,0x00000000eaf00000)
  from space 512K, 99% used [0x00000000eb200000,0x00000000eb27f360,0x00000000eb280000)
  to   space 512K, 0% used [0x00000000eb280000,0x00000000eb280000,0x00000000eb300000)
 ParOldGen       total 648192K, used 647720K [0x00000000c0000000, 0x00000000e7900000, 0x00000000eab00000)
  object space 648192K, 99% used [0x00000000c0000000,0x00000000e788a0f8,0x00000000e7900000)
 Metaspace       used 92610K, committed 94464K, reserved 1179648K
  class space    used 9362K, committed 10240K, reserved 1048576K
}
Event: 1428.335 GC heap before
{Heap before GC invocations=2547 (full 7):
 PSYoungGen      total 4608K, used 4604K [0x00000000eab00000, 0x00000000eb300000, 0x0000000100000000)
  eden space 4096K, 100% used [0x00000000eab00000,0x00000000eaf00000,0x00000000eaf00000)
  from space 512K, 99% used [0x00000000eb200000,0x00000000eb27f360,0x00000000eb280000)
  to   space 512K, 0% used [0x00000000eb280000,0x00000000eb280000,0x00000000eb300000)
 ParOldGen       total 648192K, used 647720K [0x00000000c0000000, 0x00000000e7900000, 0x00000000eab00000)
  object space 648192K, 99% used [0x00000000c0000000,0x00000000e788a0f8,0x00000000e7900000)
 Metaspace       used 92625K, committed 94464K, reserved 1179648K
  class space    used 9362K, committed 10240K, reserved 1048576K
}
Event: 1428.340 GC heap after
{Heap after GC invocations=2547 (full 7):
 PSYoungGen      total 4608K, used 503K [0x00000000eab00000, 0x00000000eb400000, 0x0000000100000000)
  eden space 4096K, 0% used [0x00000000eab00000,0x00000000eab00000,0x00000000eaf00000)
  from space 512K, 98% used [0x00000000eb280000,0x00000000eb2fddd0,0x00000000eb300000)
  to   space 2560K, 0% used [0x00000000eaf00000,0x00000000eaf00000,0x00000000eb180000)
 ParOldGen       total 649728K, used 649270K [0x00000000c0000000, 0x00000000e7a80000, 0x00000000eab00000)
  object space 649728K, 99% used [0x00000000c0000000,0x00000000e7a0d868,0x00000000e7a80000)
 Metaspace       used 92625K, committed 94464K, reserved 1179648K
  class space    used 9362K, committed 10240K, reserved 1048576K
}
Event: 1428.373 GC heap before
{Heap before GC invocations=2548 (full 7):
 PSYoungGen      total 4608K, used 4599K [0x00000000eab00000, 0x00000000eb400000, 0x0000000100000000)
  eden space 4096K, 100% used [0x00000000eab00000,0x00000000eaf00000,0x00000000eaf00000)
  from space 512K, 98% used [0x00000000eb280000,0x00000000eb2fddd0,0x00000000eb300000)
  to   space 2560K, 0% used [0x00000000eaf00000,0x00000000eaf00000,0x00000000eb180000)
 ParOldGen       total 649728K, used 649270K [0x00000000c0000000, 0x00000000e7a80000, 0x00000000eab00000)
  object space 649728K, 99% used [0x00000000c0000000,0x00000000e7a0d868,0x00000000e7a80000)
 Metaspace       used 92626K, committed 94464K, reserved 1179648K
  class space    used 9362K, committed 10240K, reserved 1048576K
}
Event: 1428.378 GC heap after
{Heap after GC invocations=2548 (full 7):
 PSYoungGen      total 5632K, used 1519K [0x00000000eab00000, 0x00000000eb300000, 0x0000000100000000)
  eden space 4096K, 0% used [0x00000000eab00000,0x00000000eab00000,0x00000000eaf00000)
  from space 1536K, 98% used [0x00000000eaf00000,0x00000000eb07bce8,0x00000000eb080000)
  to   space 2048K, 0% used [0x00000000eb100000,0x00000000eb100000,0x00000000eb300000)
 ParOldGen       total 650240K, used 649793K [0x00000000c0000000, 0x00000000e7b00000, 0x00000000eab00000)
  object space 650240K, 99% used [0x00000000c0000000,0x00000000e7a90718,0x00000000e7b00000)
 Metaspace       used 92626K, committed 94464K, reserved 1179648K
  class space    used 9362K, committed 10240K, reserved 1048576K
}

Dll operation events (12 events):
Event: 0.019 Loaded shared library c:\Users\DAYANA\.vscode\extensions\redhat.java-1.41.2025031912-win32-x64\jre\21.0.6-win32-x86_64\bin\java.dll
Event: 0.702 Loaded shared library c:\Users\DAYANA\.vscode\extensions\redhat.java-1.41.2025031912-win32-x64\jre\21.0.6-win32-x86_64\bin\zip.dll
Event: 0.834 Loaded shared library C:\Users\DAYANA\.vscode\extensions\redhat.java-1.41.2025031912-win32-x64\jre\21.0.6-win32-x86_64\bin\instrument.dll
Event: 0.905 Loaded shared library C:\Users\DAYANA\.vscode\extensions\redhat.java-1.41.2025031912-win32-x64\jre\21.0.6-win32-x86_64\bin\net.dll
Event: 0.910 Loaded shared library C:\Users\DAYANA\.vscode\extensions\redhat.java-1.41.2025031912-win32-x64\jre\21.0.6-win32-x86_64\bin\nio.dll
Event: 0.919 Loaded shared library C:\Users\DAYANA\.vscode\extensions\redhat.java-1.41.2025031912-win32-x64\jre\21.0.6-win32-x86_64\bin\zip.dll
Event: 1.191 Loaded shared library C:\Users\DAYANA\.vscode\extensions\redhat.java-1.41.2025031912-win32-x64\jre\21.0.6-win32-x86_64\bin\jimage.dll
Event: 1.789 Loaded shared library c:\Users\DAYANA\.vscode\extensions\redhat.java-1.41.2025031912-win32-x64\jre\21.0.6-win32-x86_64\bin\verify.dll
Event: 8.997 Loaded shared library C:\Users\DAYANA\AppData\Roaming\Code\User\globalStorage\redhat.java\1.41.2025031912\config_win\org.eclipse.equinox.launcher\org.eclipse.equinox.launcher.win32.win32.x86_64_1.2.1200.v20250212-0927\eclipse_11909.dll
Event: 16.730 Loaded shared library C:\Users\DAYANA\AppData\Local\Temp\jna-2009527480\jna10497945218362194004.dll
Event: 104.404 Loaded shared library C:\Users\DAYANA\.vscode\extensions\redhat.java-1.41.2025031912-win32-x64\jre\21.0.6-win32-x86_64\bin\sunmscapi.dll
Event: 118.488 Loaded shared library C:\Users\DAYANA\.vscode\extensions\redhat.java-1.41.2025031912-win32-x64\jre\21.0.6-win32-x86_64\bin\extnet.dll

Deoptimization events (20 events):
Event: 1428.222 Thread 0x00000218ef44a2a0 DEOPT PACKING pc=0x000002189dd79990 sp=0x00000044a88fd080
Event: 1428.222 Thread 0x00000218ef44a2a0 DEOPT UNPACKING pc=0x000002189cbd3aa2 sp=0x00000044a88fd018 mode 2
Event: 1428.302 Thread 0x00000218ef44a2a0 Uncommon trap: trap_request=0xffffff45 fr.pc=0x000002189ddc1168 relative=0x0000000000000fe8
Event: 1428.302 Thread 0x00000218ef44a2a0 Uncommon trap: reason=unstable_if action=reinterpret pc=0x000002189ddc1168 method=org.eclipse.jdt.internal.compiler.ast.ASTNode.checkInvocationArgument(Lorg/eclipse/jdt/internal/compiler/lookup/BlockScope;Lorg/eclipse/jdt/internal/compiler/ast/Expression;
Event: 1428.302 Thread 0x00000218ef44a2a0 DEOPT PACKING pc=0x000002189ddc1168 sp=0x00000044a88fd6f0
Event: 1428.303 Thread 0x00000218ef44a2a0 DEOPT UNPACKING pc=0x000002189cbd3aa2 sp=0x00000044a88fd5a8 mode 2
Event: 1428.313 Thread 0x00000218ef44a2a0 Uncommon trap: trap_request=0xffffff45 fr.pc=0x000002189e414a00 relative=0x0000000000000860
Event: 1428.313 Thread 0x00000218ef44a2a0 Uncommon trap: reason=unstable_if action=reinterpret pc=0x000002189e414a00 method=org.eclipse.jdt.internal.compiler.ast.LocalDeclaration.analyseCode(Lorg/eclipse/jdt/internal/compiler/lookup/BlockScope;Lorg/eclipse/jdt/internal/compiler/flow/FlowContext;L
Event: 1428.313 Thread 0x00000218ef44a2a0 DEOPT PACKING pc=0x000002189e414a00 sp=0x00000044a88fdb30
Event: 1428.313 Thread 0x00000218ef44a2a0 DEOPT UNPACKING pc=0x000002189cbd3aa2 sp=0x00000044a88fdad0 mode 2
Event: 1428.313 Thread 0x00000218ef44a2a0 Uncommon trap: trap_request=0xffffff45 fr.pc=0x000002189e862ff4 relative=0x00000000000000d4
Event: 1428.313 Thread 0x00000218ef44a2a0 Uncommon trap: reason=unstable_if action=reinterpret pc=0x000002189e862ff4 method=org.eclipse.jdt.internal.compiler.impl.IrritantSet.isAnySet(Lorg/eclipse/jdt/internal/compiler/impl/IrritantSet;)Z @ 34 c2
Event: 1428.313 Thread 0x00000218ef44a2a0 DEOPT PACKING pc=0x000002189e862ff4 sp=0x00000044a88fda30
Event: 1428.313 Thread 0x00000218ef44a2a0 DEOPT UNPACKING pc=0x000002189cbd3aa2 sp=0x00000044a88fd958 mode 2
Event: 1428.313 Thread 0x00000218ef44a2a0 Uncommon trap: trap_request=0xffffff45 fr.pc=0x000002189d672264 relative=0x00000000000000c4
Event: 1428.313 Thread 0x00000218ef44a2a0 Uncommon trap: reason=unstable_if action=reinterpret pc=0x000002189d672264 method=org.eclipse.jdt.internal.compiler.impl.IrritantSet.isAnySet(Lorg/eclipse/jdt/internal/compiler/impl/IrritantSet;)Z @ 34 c2
Event: 1428.313 Thread 0x00000218ef44a2a0 DEOPT PACKING pc=0x000002189d672264 sp=0x00000044a88fd9c0
Event: 1428.313 Thread 0x00000218ef44a2a0 DEOPT UNPACKING pc=0x000002189cbd3aa2 sp=0x00000044a88fd950 mode 2
Event: 1428.322 Thread 0x00000218ef44a2a0 DEOPT PACKING pc=0x0000021896d2cfbb sp=0x00000044a88fd1e0
Event: 1428.322 Thread 0x00000218ef44a2a0 DEOPT UNPACKING pc=0x000002189cbd4242 sp=0x00000044a88fcb68 mode 0

Classes loaded (20 events):
Event: 653.267 Loading class sun/net/www/http/KeepAliveCleanerEntry
Event: 653.268 Loading class sun/net/www/http/KeepAliveCleanerEntry done
Event: 653.268 Loading class sun/net/www/http/KeepAliveStream$1
Event: 653.268 Loading class sun/net/www/http/KeepAliveStream$1 done
Event: 653.269 Loading class sun/net/www/http/ChunkedInputStream
Event: 653.270 Loading class sun/net/www/http/ChunkedInputStream done
Event: 653.288 Loading class sun/net/www/http/KeepAliveCache$1
Event: 653.288 Loading class sun/net/www/http/KeepAliveCache$1 done
Event: 653.289 Loading class sun/net/www/http/KeepAliveCache$ClientVector
Event: 653.289 Loading class sun/net/www/http/KeepAliveCache$ClientVector done
Event: 653.295 Loading class sun/net/www/http/KeepAliveEntry
Event: 653.295 Loading class sun/net/www/http/KeepAliveEntry done
Event: 673.616 Loading class java/nio/channels/CompletionHandler
Event: 673.617 Loading class java/nio/channels/CompletionHandler done
Event: 691.650 Loading class java/lang/ProcessHandleImpl$ExitCompletion
Event: 691.652 Loading class java/lang/ProcessHandleImpl$ExitCompletion done
Event: 691.652 Loading class java/lang/ProcessHandleImpl$1
Event: 691.653 Loading class java/lang/ProcessHandleImpl$1 done
Event: 691.654 Loading class java/util/concurrent/CompletableFuture$UniHandle
Event: 691.655 Loading class java/util/concurrent/CompletableFuture$UniHandle done

Classes unloaded (8 events):
Event: 19.919 Thread 0x00000218a675e480 Unloading class 0x00000218a8198c00 'java/lang/invoke/LambdaForm$MH+0x00000218a8198c00'
Event: 19.919 Thread 0x00000218a675e480 Unloading class 0x00000218a8198800 'java/lang/invoke/LambdaForm$MH+0x00000218a8198800'
Event: 19.919 Thread 0x00000218a675e480 Unloading class 0x00000218a8198400 'java/lang/invoke/LambdaForm$MH+0x00000218a8198400'
Event: 19.919 Thread 0x00000218a675e480 Unloading class 0x00000218a8198000 'java/lang/invoke/LambdaForm$MH+0x00000218a8198000'
Event: 19.919 Thread 0x00000218a675e480 Unloading class 0x00000218a8197c00 'java/lang/invoke/LambdaForm$BMH+0x00000218a8197c00'
Event: 19.919 Thread 0x00000218a675e480 Unloading class 0x00000218a8197800 'java/lang/invoke/LambdaForm$DMH+0x00000218a8197800'
Event: 19.919 Thread 0x00000218a675e480 Unloading class 0x00000218a8196400 'java/lang/invoke/LambdaForm$DMH+0x00000218a8196400'
Event: 73.747 Thread 0x00000218a675e480 Unloading class 0x00000218a86a4400 'java/lang/invoke/LambdaForm$DMH+0x00000218a86a4400'

Classes redefined (0 events):
No events

Internal exceptions (20 events):
Event: 689.654 Thread 0x00000218ef44d090 Exception <a 'sun/nio/fs/WindowsException'{0x00000000eac1ab10}> (0x00000000eac1ab10) 
thrown [s\src\hotspot\share\prims\jni.cpp, line 520]
Event: 689.655 Thread 0x00000218ef44d090 Exception <a 'sun/nio/fs/WindowsException'{0x00000000eac1c7d0}> (0x00000000eac1c7d0) 
thrown [s\src\hotspot\share\prims\jni.cpp, line 520]
Event: 689.655 Thread 0x00000218ef44d090 Exception <a 'sun/nio/fs/WindowsException'{0x00000000eac1cef8}> (0x00000000eac1cef8) 
thrown [s\src\hotspot\share\prims\jni.cpp, line 520]
Event: 689.666 Thread 0x00000218ef44d090 Exception <a 'sun/nio/fs/WindowsException'{0x00000000eac3afa0}> (0x00000000eac3afa0) 
thrown [s\src\hotspot\share\prims\jni.cpp, line 520]
Event: 689.666 Thread 0x00000218ef44d090 Exception <a 'sun/nio/fs/WindowsException'{0x00000000eac3b978}> (0x00000000eac3b978) 
thrown [s\src\hotspot\share\prims\jni.cpp, line 520]
Event: 690.078 Thread 0x00000218f916d500 Exception <a 'sun/nio/fs/WindowsException'{0x00000000eab66790}> (0x00000000eab66790) 
thrown [s\src\hotspot\share\prims\jni.cpp, line 520]
Event: 690.079 Thread 0x00000218f916d500 Exception <a 'sun/nio/fs/WindowsException'{0x00000000eab66ea0}> (0x00000000eab66ea0) 
thrown [s\src\hotspot\share\prims\jni.cpp, line 520]
Event: 769.709 Thread 0x00000218f916d500 Exception <a 'sun/nio/fs/WindowsException'{0x00000000eab52908}> (0x00000000eab52908) 
thrown [s\src\hotspot\share\prims\jni.cpp, line 520]
Event: 769.710 Thread 0x00000218f916d500 Exception <a 'sun/nio/fs/WindowsException'{0x00000000eab53288}> (0x00000000eab53288) 
thrown [s\src\hotspot\share\prims\jni.cpp, line 520]
Event: 1260.643 Thread 0x00000218f916ce70 Implicit null exception at 0x000002189d9dcf8b to 0x000002189d9df220
Event: 1260.997 Thread 0x00000218a67c1cc0 Exception <a 'sun/nio/fs/WindowsException'{0x00000000eac48998}> (0x00000000eac48998) 
thrown [s\src\hotspot\share\prims\jni.cpp, line 520]
Event: 1261.487 Thread 0x00000218a67c1cc0 Exception <a 'sun/nio/fs/WindowsException'{0x00000000eab37f58}> (0x00000000eab37f58) 
thrown [s\src\hotspot\share\prims\jni.cpp, line 520]
Event: 1263.035 Thread 0x00000218a67c1cc0 Exception <a 'sun/nio/fs/WindowsException'{0x00000000eab494a8}> (0x00000000eab494a8) 
thrown [s\src\hotspot\share\prims\jni.cpp, line 520]
Event: 1263.397 Thread 0x00000218a67c1cc0 Exception <a 'sun/nio/fs/WindowsException'{0x00000000eab9a888}> (0x00000000eab9a888) 
thrown [s\src\hotspot\share\prims\jni.cpp, line 520]
Event: 1272.676 Thread 0x00000218a67c1cc0 Exception <a 'sun/nio/fs/WindowsException'{0x00000000eac03138}> (0x00000000eac03138) 
thrown [s\src\hotspot\share\prims\jni.cpp, line 520]
Event: 1272.946 Thread 0x00000218a67c1cc0 Exception <a 'sun/nio/fs/WindowsException'{0x00000000eac06870}> (0x00000000eac06870) 
thrown [s\src\hotspot\share\prims\jni.cpp, line 520]
Event: 1289.302 Thread 0x00000218ef593f20 Implicit null exception at 0x000002189dfbad55 to 0x000002189dfbad8c
Event: 1289.885 Thread 0x00000218a67c1cc0 Exception <a 'sun/nio/fs/WindowsException'{0x00000000eac3a6e8}> (0x00000000eac3a6e8) 
thrown [s\src\hotspot\share\prims\jni.cpp, line 520]
Event: 1290.748 Thread 0x00000218a67c1cc0 Exception <a 'sun/nio/fs/WindowsException'{0x00000000eabb7820}> (0x00000000eabb7820) 
thrown [s\src\hotspot\share\prims\jni.cpp, line 520]
Event: 1416.922 Thread 0x00000218ef44a2a0 Implicit null exception at 0x000002189d9735c6 to 0x000002189d973634

ZGC Phase Switch (0 events):
No events

VM Operations (20 events):
Event: 1422.131 Executing VM operation: ParallelGCFailedAllocation (Allocation Failure)
Event: 1422.136 Executing VM operation: ParallelGCFailedAllocation (Allocation Failure) done
Event: 1425.153 Executing VM operation: Cleanup
Event: 1425.153 Executing VM operation: Cleanup done
Event: 1425.965 Executing VM operation: ParallelGCFailedAllocation (Allocation Failure)
Event: 1425.968 Executing VM operation: ParallelGCFailedAllocation (Allocation Failure) done
Event: 1427.744 Executing VM operation: ParallelGCFailedAllocation (Allocation Failure)
Event: 1427.746 Executing VM operation: ParallelGCFailedAllocation (Allocation Failure) done
Event: 1428.135 Executing VM operation: ParallelGCFailedAllocation (Allocation Failure)
Event: 1428.142 Executing VM operation: ParallelGCFailedAllocation (Allocation Failure) done
Event: 1428.255 Executing VM operation: HandshakeAllThreads (Deoptimize)
Event: 1428.255 Executing VM operation: HandshakeAllThreads (Deoptimize) done
Event: 1428.263 Executing VM operation: HandshakeAllThreads (Deoptimize)
Event: 1428.264 Executing VM operation: HandshakeAllThreads (Deoptimize) done
Event: 1428.275 Executing VM operation: ParallelGCFailedAllocation (Allocation Failure)
Event: 1428.280 Executing VM operation: ParallelGCFailedAllocation (Allocation Failure) done
Event: 1428.335 Executing VM operation: ParallelGCFailedAllocation (Allocation Failure)
Event: 1428.340 Executing VM operation: ParallelGCFailedAllocation (Allocation Failure) done
Event: 1428.373 Executing VM operation: ParallelGCFailedAllocation (Allocation Failure)
Event: 1428.378 Executing VM operation: ParallelGCFailedAllocation (Allocation Failure) done

Memory protections (0 events):
No events

Nmethod flushes (20 events):
Event: 648.164 Thread 0x00000218a675e480 flushing  nmethod 0x0000021897b29290
Event: 648.164 Thread 0x00000218a675e480 flushing  nmethod 0x0000021897b42a10
Event: 648.164 Thread 0x00000218a675e480 flushing  nmethod 0x0000021897b77010
Event: 648.164 Thread 0x00000218a675e480 flushing  nmethod 0x0000021897bcd310
Event: 648.164 Thread 0x00000218a675e480 flushing  nmethod 0x0000021897cabb90
Event: 648.164 Thread 0x00000218a675e480 flushing osr nmethod 0x0000021897d24210
Event: 648.165 Thread 0x00000218a675e480 flushing osr nmethod 0x0000021897d2c390
Event: 648.165 Thread 0x00000218a675e480 flushing  nmethod 0x0000021897d71110
Event: 648.165 Thread 0x00000218a675e480 flushing  nmethod 0x0000021897d9df10
Event: 648.165 Thread 0x00000218a675e480 flushing  nmethod 0x0000021897db1e90
Event: 648.165 Thread 0x00000218a675e480 flushing  nmethod 0x0000021897dfb810
Event: 648.165 Thread 0x00000218a675e480 flushing  nmethod 0x0000021897e26b90
Event: 648.165 Thread 0x00000218a675e480 flushing  nmethod 0x0000021897e2da90
Event: 648.165 Thread 0x00000218a675e480 flushing  nmethod 0x0000021897e69f90
Event: 648.165 Thread 0x00000218a675e480 flushing  nmethod 0x0000021897e90390
Event: 648.165 Thread 0x00000218a675e480 flushing  nmethod 0x0000021897ec2b90
Event: 648.165 Thread 0x00000218a675e480 flushing  nmethod 0x0000021897f22110
Event: 648.166 Thread 0x00000218a675e480 flushing  nmethod 0x0000021897f2b010
Event: 648.166 Thread 0x00000218a675e480 flushing  nmethod 0x0000021897f38d10
Event: 648.166 Thread 0x00000218a675e480 flushing  nmethod 0x0000021897f3a690

Events (20 events):
Event: 1260.772 Thread 0x00000218ef449c10 Thread added: 0x00000218ef44ca00
Event: 1260.866 Thread 0x00000218ef44ca00 Thread added: 0x00000218ef44d090
Event: 1261.055 Thread 0x00000218ef593f20 Thread added: 0x00000218ef449580
Event: 1261.536 Thread 0x00000218ef449c10 Thread added: 0x00000218ef44a2a0
Event: 1263.081 Thread 0x00000218ef595960 Thread added: 0x00000218ef44ddb0
Event: 1273.664 Thread 0x00000218f916d500 Thread exited: 0x00000218f916d500
Event: 1290.123 Thread 0x00000218a67f5ef0 Thread added: 0x00000218f93ff4f0
Event: 1291.277 Thread 0x00000218f93ff4f0 Thread exited: 0x00000218f93ff4f0
Event: 1291.330 Thread 0x00000218a67f5ef0 Thread added: 0x00000218f93f9c60
Event: 1296.731 Thread 0x00000218f93f9c60 Thread exited: 0x00000218f93f9c60
Event: 1303.686 Thread 0x00000218f916bac0 Thread exited: 0x00000218f916bac0
Event: 1319.548 Thread 0x00000218a6785e00 Thread added: 0x00000218f93fd9b0
Event: 1319.838 Thread 0x00000218f93fd9b0 Thread exited: 0x00000218f93fd9b0
Event: 1333.534 Thread 0x00000218f916c7e0 Thread exited: 0x00000218f916c7e0
Event: 1350.226 Thread 0x00000218ef5973a0 Thread exited: 0x00000218ef5973a0
Event: 1369.349 Thread 0x00000218ef593f20 Thread exited: 0x00000218ef593f20
Event: 1369.449 Thread 0x00000218ef449580 Thread exited: 0x00000218ef449580
Event: 1380.132 Thread 0x00000218ef44ca00 Thread exited: 0x00000218ef44ca00
Event: 1422.120 Thread 0x00000218ef44d090 Thread added: 0x00000218ef44ca00
Event: 1428.390 Thread 0x00000218a67f5ef0 Thread added: 0x00000218f93fcc10


Dynamic libraries:
0x00007ff7362f0000 - 0x00007ff7362fe000 	c:\Users\DAYANA\.vscode\extensions\redhat.java-1.41.2025031912-win32-x64\jre\21.0.6-win32-x86_64\bin\java.exe
0x00007fff360d0000 - 0x00007fff362c8000 	C:\Windows\SYSTEM32\ntdll.dll
0x00007fff340f0000 - 0x00007fff341b2000 	C:\Windows\System32\KERNEL32.DLL
0x00007fff33c20000 - 0x00007fff33f1f000 	C:\Windows\System32\KERNELBASE.dll
0x00007fff33770000 - 0x00007fff33870000 	C:\Windows\System32\ucrtbase.dll
0x00007fff230e0000 - 0x00007fff230f8000 	c:\Users\DAYANA\.vscode\extensions\redhat.java-1.41.2025031912-win32-x64\jre\21.0.6-win32-x86_64\bin\jli.dll
0x00007fff34650000 - 0x00007fff347ed000 	C:\Windows\System32\USER32.dll
0x00007fff33f70000 - 0x00007fff33f92000 	C:\Windows\System32\win32u.dll
0x00007fff34620000 - 0x00007fff3464b000 	C:\Windows\System32\GDI32.dll
0x00007fff33b00000 - 0x00007fff33c1a000 	C:\Windows\System32\gdi32full.dll
0x00007fff33fa0000 - 0x00007fff3403d000 	C:\Windows\System32\msvcp_win.dll
0x00007fff1d690000 - 0x00007fff1d6ae000 	c:\Users\DAYANA\.vscode\extensions\redhat.java-1.41.2025031912-win32-x64\jre\21.0.6-win32-x86_64\bin\VCRUNTIME140.dll
0x00007fff1df70000 - 0x00007fff1e20a000 	C:\Windows\WinSxS\amd64_microsoft.windows.common-controls_6595b64144ccf1df_6.0.19041.4355_none_60b8b9eb71f62e16\COMCTL32.dll
0x00007fff341c0000 - 0x00007fff3425e000 	C:\Windows\System32\msvcrt.dll
0x00007fff35d70000 - 0x00007fff35d9f000 	C:\Windows\System32\IMM32.DLL
0x00007fff2c0c0000 - 0x00007fff2c0cc000 	c:\Users\DAYANA\.vscode\extensions\redhat.java-1.41.2025031912-win32-x64\jre\21.0.6-win32-x86_64\bin\vcruntime140_1.dll
0x00007fff01040000 - 0x00007fff010cd000 	c:\Users\DAYANA\.vscode\extensions\redhat.java-1.41.2025031912-win32-x64\jre\21.0.6-win32-x86_64\bin\msvcp140.dll
0x00007ffee9860000 - 0x00007ffeea5f0000 	c:\Users\DAYANA\.vscode\extensions\redhat.java-1.41.2025031912-win32-x64\jre\21.0.6-win32-x86_64\bin\server\jvm.dll
0x00007fff35550000 - 0x00007fff355ff000 	C:\Windows\System32\ADVAPI32.dll
0x00007fff35eb0000 - 0x00007fff35f4f000 	C:\Windows\System32\sechost.dll
0x00007fff35f60000 - 0x00007fff36083000 	C:\Windows\System32\RPCRT4.dll
0x00007fff338e0000 - 0x00007fff33907000 	C:\Windows\System32\bcrypt.dll
0x00007fff348d0000 - 0x00007fff3493b000 	C:\Windows\System32\WS2_32.dll
0x00007fff32cb0000 - 0x00007fff32cfb000 	C:\Windows\SYSTEM32\POWRPROF.dll
0x00007fff1f730000 - 0x00007fff1f757000 	C:\Windows\SYSTEM32\WINMM.dll
0x00007fff23dd0000 - 0x00007fff23dda000 	C:\Windows\SYSTEM32\VERSION.dll
0x00007fff32b70000 - 0x00007fff32b82000 	C:\Windows\SYSTEM32\UMPDC.dll
0x00007fff315f0000 - 0x00007fff31602000 	C:\Windows\SYSTEM32\kernel.appcore.dll
0x00007fff2c0a0000 - 0x00007fff2c0aa000 	c:\Users\DAYANA\.vscode\extensions\redhat.java-1.41.2025031912-win32-x64\jre\21.0.6-win32-x86_64\bin\jimage.dll
0x00007fff1ecf0000 - 0x00007fff1eed4000 	C:\Windows\SYSTEM32\DBGHELP.DLL
0x00007fff1e3c0000 - 0x00007fff1e3f4000 	C:\Windows\SYSTEM32\dbgcore.DLL
0x00007fff33910000 - 0x00007fff33992000 	C:\Windows\System32\bcryptPrimitives.dll
0x00007fff27fb0000 - 0x00007fff27fbf000 	c:\Users\DAYANA\.vscode\extensions\redhat.java-1.41.2025031912-win32-x64\jre\21.0.6-win32-x86_64\bin\instrument.dll
0x00007fff1d670000 - 0x00007fff1d68f000 	c:\Users\DAYANA\.vscode\extensions\redhat.java-1.41.2025031912-win32-x64\jre\21.0.6-win32-x86_64\bin\java.dll
0x00007fff35600000 - 0x00007fff35d6d000 	C:\Windows\System32\SHELL32.dll
0x00007fff317f0000 - 0x00007fff31f94000 	C:\Windows\SYSTEM32\windows.storage.dll
0x00007fff34af0000 - 0x00007fff34e45000 	C:\Windows\System32\combase.dll
0x00007fff331a0000 - 0x00007fff331cb000 	C:\Windows\SYSTEM32\Wldp.dll
0x00007fff34940000 - 0x00007fff34a0d000 	C:\Windows\System32\OLEAUT32.dll
0x00007fff34390000 - 0x00007fff3443d000 	C:\Windows\System32\SHCORE.dll
0x00007fff35da0000 - 0x00007fff35df5000 	C:\Windows\System32\shlwapi.dll
0x00007fff336a0000 - 0x00007fff336c5000 	C:\Windows\SYSTEM32\profapi.dll
0x00007fff18c40000 - 0x00007fff18c58000 	c:\Users\DAYANA\.vscode\extensions\redhat.java-1.41.2025031912-win32-x64\jre\21.0.6-win32-x86_64\bin\zip.dll
0x00007fff24190000 - 0x00007fff241a0000 	C:\Users\DAYANA\.vscode\extensions\redhat.java-1.41.2025031912-win32-x64\jre\21.0.6-win32-x86_64\bin\net.dll
0x00007fff29ec0000 - 0x00007fff29fca000 	C:\Windows\SYSTEM32\WINHTTP.dll
0x00007fff32f00000 - 0x00007fff32f6c000 	C:\Windows\system32\mswsock.dll
0x00007fff18a00000 - 0x00007fff18a16000 	C:\Users\DAYANA\.vscode\extensions\redhat.java-1.41.2025031912-win32-x64\jre\21.0.6-win32-x86_64\bin\nio.dll
0x00007fff230d0000 - 0x00007fff230e0000 	c:\Users\DAYANA\.vscode\extensions\redhat.java-1.41.2025031912-win32-x64\jre\21.0.6-win32-x86_64\bin\verify.dll
0x00007fff0a870000 - 0x00007fff0a8b5000 	C:\Users\DAYANA\AppData\Roaming\Code\User\globalStorage\redhat.java\1.41.2025031912\config_win\org.eclipse.equinox.launcher\org.eclipse.equinox.launcher.win32.win32.x86_64_1.2.1200.v20250212-0927\eclipse_11909.dll
0x00007fff34440000 - 0x00007fff3456b000 	C:\Windows\System32\ole32.dll
0x00007fff33100000 - 0x00007fff33118000 	C:\Windows\SYSTEM32\CRYPTSP.dll
0x00007fff327b0000 - 0x00007fff327e8000 	C:\Windows\system32\rsaenh.dll
0x00007fff33620000 - 0x00007fff3364e000 	C:\Windows\SYSTEM32\USERENV.dll
0x00007fff330f0000 - 0x00007fff330fc000 	C:\Windows\SYSTEM32\CRYPTBASE.dll
0x00007fff32b90000 - 0x00007fff32bcb000 	C:\Windows\SYSTEM32\IPHLPAPI.DLL
0x00007fff35f50000 - 0x00007fff35f58000 	C:\Windows\System32\NSI.dll
0x00007fff13ab0000 - 0x00007fff13af9000 	C:\Users\DAYANA\AppData\Local\Temp\jna-2009527480\jna10497945218362194004.dll
0x00007fff35060000 - 0x00007fff35068000 	C:\Windows\System32\PSAPI.DLL
0x00007fff2b1a0000 - 0x00007fff2b1b7000 	C:\Windows\SYSTEM32\dhcpcsvc6.DLL
0x00007fff2b6c0000 - 0x00007fff2b6dd000 	C:\Windows\SYSTEM32\dhcpcsvc.DLL
0x00007fff32a00000 - 0x00007fff32a33000 	C:\Windows\SYSTEM32\ntmarta.dll
0x00007fff1d660000 - 0x00007fff1d66e000 	C:\Users\DAYANA\.vscode\extensions\redhat.java-1.41.2025031912-win32-x64\jre\21.0.6-win32-x86_64\bin\sunmscapi.dll
0x00007fff339a0000 - 0x00007fff33afc000 	C:\Windows\System32\CRYPT32.dll
0x00007fff33210000 - 0x00007fff33237000 	C:\Windows\SYSTEM32\ncrypt.dll
0x00007fff331d0000 - 0x00007fff3320b000 	C:\Windows\SYSTEM32\NTASN1.dll
0x00007fff1d320000 - 0x00007fff1d329000 	C:\Users\DAYANA\.vscode\extensions\redhat.java-1.41.2025031912-win32-x64\jre\21.0.6-win32-x86_64\bin\extnet.dll
0x00007fff32be0000 - 0x00007fff32caa000 	C:\Windows\SYSTEM32\DNSAPI.dll
0x00007fff23700000 - 0x00007fff2370a000 	C:\Windows\System32\rasadhlp.dll
0x00007fff23430000 - 0x00007fff234b0000 	C:\Windows\System32\fwpuclnt.dll

dbghelp: loaded successfully - version: 4.0.5 - missing functions: none
symbol engine: initialized successfully - sym options: 0x614 - pdb path: .;c:\Users\DAYANA\.vscode\extensions\redhat.java-1.41.2025031912-win32-x64\jre\21.0.6-win32-x86_64\bin;C:\Windows\SYSTEM32;C:\Windows\WinSxS\amd64_microsoft.windows.common-controls_6595b64144ccf1df_6.0.19041.4355_none_60b8b9eb71f62e16;c:\Users\DAYANA\.vscode\extensions\redhat.java-1.41.2025031912-win32-x64\jre\21.0.6-win32-x86_64\bin\server;C:\Users\DAYANA\AppData\Roaming\Code\User\globalStorage\redhat.java\1.41.2025031912\config_win\org.eclipse.equinox.launcher\org.eclipse.equinox.launcher.win32.win32.x86_64_1.2.1200.v20250212-0927;C:\Users\DAYANA\AppData\Local\Temp\jna-2009527480

VM Arguments:
jvm_args: --add-modules=ALL-SYSTEM --add-opens=java.base/java.util=ALL-UNNAMED --add-opens=java.base/java.lang=ALL-UNNAMED --add-opens=java.base/sun.nio.fs=ALL-UNNAMED -Declipse.application=org.eclipse.jdt.ls.core.id1 -Dosgi.bundles.defaultStartLevel=4 -Declipse.product=org.eclipse.jdt.ls.core.product -Djava.import.generatesMetadataFilesAtProjectRoot=false -DDetectVMInstallationsJob.disabled=true -Dfile.encoding=utf8 -XX:+UseParallelGC -XX:GCTimeRatio=4 -XX:AdaptiveSizePolicyWeight=90 -Dsun.zip.disableMemoryMapping=true -Xmx1G -Xms100m -Xlog:disable -javaagent:c:\Users\DAYANA\.vscode\extensions\redhat.java-1.41.2025031912-win32-x64\lombok\lombok-1.18.36.jar -XX:+HeapDumpOnOutOfMemoryError -XX:HeapDumpPath=c:\Users\DAYANA\AppData\Roaming\Code\User\workspaceStorage\1da6c3c6b0dbd5d798585308e19b6636\redhat.java -Daether.dependencyCollector.impl=bf 
java_command: c:\Users\DAYANA\.vscode\extensions\redhat.java-1.41.2025031912-win32-x64\server\plugins\org.eclipse.equinox.launcher_1.6.1100.v20250306-0509.jar -configuration c:\Users\DAYANA\AppData\Roaming\Code\User\globalStorage\redhat.java\1.41.2025031912\config_win -data c:\Users\DAYANA\AppData\Roaming\Code\User\workspaceStorage\1da6c3c6b0dbd5d798585308e19b6636\redhat.java\jdt_ws --pipe=\\.\pipe\lsp-0c9b8b87f732f2cf8c76255cff1826c6-sock
java_class_path (initial): c:\Users\DAYANA\.vscode\extensions\redhat.java-1.41.2025031912-win32-x64\server\plugins\org.eclipse.equinox.launcher_1.6.1100.v20250306-0509.jar
Launcher Type: SUN_STANDARD

[Global flags]
    uintx AdaptiveSizePolicyWeight                 = 90                                        {product} {command line}
     intx CICompilerCount                          = 3                                         {product} {ergonomic}
    uintx GCTimeRatio                              = 4                                         {product} {command line}
     bool HeapDumpOnOutOfMemoryError               = true                                   {manageable} {command line}
    ccstr HeapDumpPath                             = c:\Users\DAYANA\AppData\Roaming\Code\User\workspaceStorage\1da6c3c6b0dbd5d798585308e19b6636\redhat.java         {manageable} {command line}
   size_t InitialHeapSize                          = 104857600                                 {product} {command line}
   size_t MaxHeapSize                              = 1073741824                                {product} {command line}
   size_t MaxNewSize                               = 357564416                                 {product} {ergonomic}
   size_t MinHeapDeltaBytes                        = 524288                                    {product} {ergonomic}
   size_t MinHeapSize                              = 104857600                                 {product} {command line}
   size_t NewSize                                  = 34603008                                  {product} {ergonomic}
    uintx NonNMethodCodeHeapSize                   = 5832780                                {pd product} {ergonomic}
    uintx NonProfiledCodeHeapSize                  = 122912730                              {pd product} {ergonomic}
   size_t OldSize                                  = 70254592                                  {product} {ergonomic}
    uintx ProfiledCodeHeapSize                     = 122912730                              {pd product} {ergonomic}
    uintx ReservedCodeCacheSize                    = 251658240                              {pd product} {ergonomic}
     bool SegmentedCodeCache                       = true                                      {product} {ergonomic}
   size_t SoftMaxHeapSize                          = 1073741824                             {manageable} {ergonomic}
     bool UseCompressedOops                        = true                           {product lp64_product} {ergonomic}
     bool UseLargePagesIndividualAllocation        = false                                  {pd product} {ergonomic}
     bool UseParallelGC                            = true                                      {product} {command line}

Logging:
Log output configuration:
 #0: stdout all=off uptime,level,tags foldmultilines=false
 #1: stderr all=off uptime,level,tags foldmultilines=false

Environment Variables:
JAVA_HOME=C:\Program Files\Eclipse Adoptium\jdk-17.0.13.11-hotspot\
PATH=C:\Program Files\Eclipse Adoptium\jdk-17.0.13.11-hotspot\bin;C:\Program Files\Eclipse Adoptium\jre-17.0.13.11-hotspot\bin;C:\Program Files\Common Files\Oracle\Java\javapath;C:\ProgramData\Oracle\Java\javapath;C:\Windows\system32;C:\Windows;C:\Windows\System32\Wbem;C:\Windows\System32\WindowsPowerShell\v1.0\;C:\Windows\System32\OpenSSH\;C:\xampp\php;C:\ProgramData\ComposerSetup\bin;C:\Program Files\nodejs\;C:\Program Files\Git\cmd;C:\Users\DAYANA\AppData\Local\Programs\Python\Python312;C:\Program Files\Java\jdk-17\bin;C:\Program Files\MySQL\MySQL Shell 8.0\bin\;C:\Users\DAYANA\AppData\Local\Programs\Python\Python312\Scripts\;C:\Users\DAYANA\AppData\Local\Programs\Python\Python312\;C:\Users\DAYANA\AppData\Local\Programs\Python\Launcher\;C:\Users\DAYANA\AppData\Local\Microsoft\WindowsApps;C:\Users\DAYANA\AppData\Roaming\Composer\vendor\bin;C:\Users\DAYANA\AppData\Roaming\npm;C:\Users\DAYANA\AppData\Local\Programs\Microsoft VS Code\bin;C:\Users\DAYANA\AppData\Local\GitHubDesktop\bin;C:\Program Files\JetBrains\IntelliJ IDEA Community Edition 2024.3\bin;
USERNAME=DAYANA
OS=Windows_NT
PROCESSOR_IDENTIFIER=Intel64 Family 6 Model 69 Stepping 1, GenuineIntel
TMP=C:\Users\DAYANA\AppData\Local\Temp
TEMP=C:\Users\DAYANA\AppData\Local\Temp




Periodic native trim disabled

---------------  S Y S T E M  ---------------

OS:
 Windows 10 , 64 bit Build 19041 (10.0.19041.5438)
OS uptime: 0 days 4:44 hours

CPU: total 4 (initial active 4) (2 cores per cpu, 2 threads per core) family 6 model 69 stepping 1 microcode 0x25, cx8, cmov, fxsr, ht, mmx, sse, sse2, sse3, ssse3, sse4.1, sse4.2, popcnt, lzcnt, tsc, tscinvbit, avx, avx2, aes, erms, clmul, bmi1, bmi2, fma, vzeroupper, clflush, rdtscp, f16c
Processor Information for the first 4 processors :
  Max Mhz: 1901, Current Mhz: 1900, Mhz Limit: 1881

Memory: 4k page, system-wide physical 4004M (649M free)
TotalPageFile size 14038M (AvailPageFile size 2266M)
current process WorkingSet (physical memory assigned to process): 376M, peak: 887M
current process commit charge ("private bytes"): 977M, peak: 1012M

vm_info: OpenJDK 64-Bit Server VM (21.0.6+7-LTS) for windows-amd64 JRE (21.0.6+7-LTS), built on 2025-01-21T00:00:00Z by "admin" with MS VC++ 17.7 (VS2022)

END.
