#
# A fatal error has been detected by the Java Runtime Environment:
#
#  EXCEPTION_ACCESS_VIOLATION (0xc0000005) at pc=0x00007ffee9c14d05, pid=4760, tid=10960
#
# JRE version: OpenJDK Runtime Environment Temurin-21.0.6+7 (21.0.6+7) (build 21.0.6+7-LTS)
# Java VM: OpenJDK 64-Bit Server VM Temurin-21.0.6+7 (21.0.6+7-LTS, mixed mode, sharing, tiered, compressed oops, compressed class ptrs, parallel gc, windows-amd64)
# Problematic frame:
# V  [jvm.dll+0x3b4d05]
#
# No core dump will be written. Minidumps are not enabled by default on client versions of Windows
#
# If you would like to submit a bug report, please visit:
#   https://github.com/adoptium/adoptium-support/issues
#

---------------  S U M M A R Y ------------

Command Line: --add-modules=ALL-SYSTEM --add-opens=java.base/java.util=ALL-UNNAMED --add-opens=java.base/java.lang=ALL-UNNAMED --add-opens=java.base/sun.nio.fs=ALL-UNNAMED -Declipse.application=org.eclipse.jdt.ls.core.id1 -Dosgi.bundles.defaultStartLevel=4 -Declipse.product=org.eclipse.jdt.ls.core.product -Djava.import.generatesMetadataFilesAtProjectRoot=false -DDetectVMInstallationsJob.disabled=true -Dfile.encoding=utf8 -XX:+UseParallelGC -XX:GCTimeRatio=4 -XX:AdaptiveSizePolicyWeight=90 -Dsun.zip.disableMemoryMapping=true -Xmx1G -Xms100m -Xlog:disable -javaagent:c:\Users\DAYANA\.vscode\extensions\redhat.java-1.41.2025031912-win32-x64\lombok\lombok-1.18.36.jar -XX:+HeapDumpOnOutOfMemoryError -XX:HeapDumpPath=c:\Users\DAYANA\AppData\Roaming\Code\User\workspaceStorage\1da6c3c6b0dbd5d798585308e19b6636\redhat.java -Daether.dependencyCollector.impl=bf c:\Users\DAYANA\.vscode\extensions\redhat.java-1.41.2025031912-win32-x64\server\plugins\org.eclipse.equinox.launcher_1.6.1100.v20250306-0509.jar -configuration c:\Users\DAYANA\AppData\Roaming\Code\User\globalStorage\redhat.java\1.41.2025031912\config_win -data c:\Users\DAYANA\AppData\Roaming\Code\User\workspaceStorage\1da6c3c6b0dbd5d798585308e19b6636\redhat.java\jdt_ws --pipe=\\.\pipe\lsp-af9c0f74c59238285108089802905b7c-sock

Host: Intel(R) Core(TM) i3-4030U CPU @ 1.90GHz, 4 cores, 3G,  Windows 10 , 64 bit Build 19041 (10.0.19041.5438)
Time: Thu Mar 20 12:01:36 2025 Hora est. Pacífico, Sudamérica elapsed time: 12.821878 seconds (0d 0h 0m 12s)

---------------  T H R E A D  ---------------

Current thread (0x00000283407fb0e0):  JavaThread "C2 CompilerThread0" daemon [_thread_in_native, id=10960, stack(0x000000d2b3d00000,0x000000d2b3e00000) (1024K)]


Current CompileTask:
C2:12822 4274       4       org.lombokweb.asm.ClassReader::readMethod (1070 bytes)

Stack: [0x000000d2b3d00000,0x000000d2b3e00000],  sp=0x000000d2b3dfc800,  free space=1010k
Native frames: (J=compiled Java code, j=interpreted, Vv=VM code, C=native code)
V  [jvm.dll+0x3b4d05]
V  [jvm.dll+0x1e0047]
V  [jvm.dll+0x247b42]
V  [jvm.dll+0x246fcf]
V  [jvm.dll+0x1c75ee]
V  [jvm.dll+0x25685a]
V  [jvm.dll+0x254dfa]
V  [jvm.dll+0x3f0256]
V  [jvm.dll+0x851f8b]
V  [jvm.dll+0x6cc5ed]
C  [ucrtbase.dll+0x21bb2]
C  [KERNEL32.DLL+0x17374]
C  [ntdll.dll+0x4cc91]


siginfo: EXCEPTION_ACCESS_VIOLATION (0xc0000005), reading address 0x00007f7eea4f63a0


Registers:
RAX=0x000002838a457670, RBX=0x000002838a91b0b0, RCX=0x0000000000000000, RDX=0x00000000001ffffe
RSP=0x000000d2b3dfc800, RBP=0x000000d2b3dfc940, RSI=0x0000000000002631, RDI=0x0000000000002631
R8 =0x0002000000000000, R9 =0x00007f7eea4f63a0, R10=0x0000028389c713f8, R11=0x0000000000000246
R12=0x0000000000000000, R13=0x0000000000000001, R14=0x0000000000000031, R15=0x00007ffeea4f63a0
RIP=0x00007ffee9c14d05, EFLAGS=0x0000000000010246

XMM[0]=0x0000000000000000 0x0000000000000000
XMM[1]=0x0000000000000000 0x0000000000000000
XMM[2]=0x0000000000000000 0x0000000000000000
XMM[3]=0x0000000000000000 0x0000000000000000
XMM[4]=0x0000000000000000 0x0000000000000000
XMM[5]=0x0000000000000000 0x0000000000000000
XMM[6]=0x0000000000000000 0x0000000000000000
XMM[7]=0x0000000000000000 0x0000000000000000
XMM[8]=0x0000000000000000 0x0000000000000000
XMM[9]=0x0000000000000000 0x0000000000000000
XMM[10]=0x0000000000000000 0x0000000000000000
XMM[11]=0x0000000000000000 0x0000000000000000
XMM[12]=0x0000000000000000 0x0000000000000000
XMM[13]=0x0000000000000000 0x0000000000000000
XMM[14]=0x0000000000000000 0x0000000000000000
XMM[15]=0x0000000000000000 0x0000000000000000
  MXCSR=0x00001fa0


Register to memory mapping:

RAX=0x000002838a457670 points into unknown readable memory: 0x00007ffeea4f63a0 | a0 63 4f ea fe 7f 00 00
RBX=0x000002838a91b0b0 points into unknown readable memory: 0x0000002400000033 | 33 00 00 00 24 00 00 00
RCX=0x0 is null
RDX=0x00000000001ffffe is an unknown value
RSP=0x000000d2b3dfc800 is pointing into the stack for thread: 0x00000283407fb0e0
RBP=0x000000d2b3dfc940 is pointing into the stack for thread: 0x00000283407fb0e0
RSI=0x0000000000002631 is an unknown value
RDI=0x0000000000002631 is an unknown value
R8 =0x0002000000000000 is an unknown value
R9 =0x00007f7eea4f63a0 is an unknown value
R10=0x0000028389c713f8 points into unknown readable memory: 0x0000000000000000 | 00 00 00 00 00 00 00 00
R11=0x0000000000000246 is an unknown value
R12=0x0 is null
R13=0x0000000000000001 is an unknown value
R14=0x0000000000000031 is an unknown value
R15=0x00007ffeea4f63a0 jvm.dll

Top of Stack: (sp=0x000000d2b3dfc800)
0x000000d2b3dfc800:   000002838a91b010 000000d2b3dfc940
0x000000d2b3dfc810:   0000000000002631 00000283407ead70
0x000000d2b3dfc820:   00000000001ffffe 0000000400000fe7
0x000000d2b3dfc830:   0000002400000010 0000028389c711a0
0x000000d2b3dfc840:   0000028388f6ab30 000002838a9f9ef0
0x000000d2b3dfc850:   0000028340822340 0000000000000000
0x000000d2b3dfc860:   000000d2b3dfc970 00007ffee9a40047
0x000000d2b3dfc870:   000000d2b3dfcce0 0000028340822718
0x000000d2b3dfc880:   000000d2b3dfcdc0 0000028340822330
0x000000d2b3dfc890:   0000000000000000 000000000000000e
0x000000d2b3dfc8a0:   0000000000000007 0000028340822330
0x000000d2b3dfc8b0:   0000028387038010 000002838703cca0
0x000000d2b3dfc8c0:   000002838703fff8 0000000000d25208
0x000000d2b3dfc8d0:   0000028340822340 0000000000000000
0x000000d2b3dfc8e0:   0000000000000000 0000000000000000
0x000000d2b3dfc8f0:   0000000000000010 0000000000002a00
0x000000d2b3dfc900:   00000283407ead70 00007ffeea25eee0
0x000000d2b3dfc910:   0000000000000000 000000d2b3dfe1c0
0x000000d2b3dfc920:   0000000000000000 00007ffeea25eee0
0x000000d2b3dfc930:   0000000000007f00 00007ffee9924f7e
0x000000d2b3dfc940:   00007ffe0000000c 000000d2b3dfe1c0
0x000000d2b3dfc950:   000002838a87c050 00000283407ead00
0x000000d2b3dfc960:   000002838aa83050 000002830000334b
0x000000d2b3dfc970:   000000d2b3dfc8a0 0000028340822340
0x000000d2b3dfc980:   00007ffeea25eeb0 000000000000000d
0x000000d2b3dfc990:   000000d2b3dfe1c0 000000d2b3dfcce0
0x000000d2b3dfc9a0:   00000283000024a1 00000283407ead70
0x000000d2b3dfc9b0:   000000000000000a 000000d2b3dfe1c0
0x000000d2b3dfc9c0:   0000028389adbf20 0000000000000000
0x000000d2b3dfc9d0:   00000283898448d0 000002838a445e30
0x000000d2b3dfc9e0:   000002838a448918 000000d2b3dfcc40
0x000000d2b3dfc9f0:   000000d2b3dfcde0 000002830000334b 

Instructions: (pc=0x00007ffee9c14d05)
0x00007ffee9c14c05:   10 4c 89 70 18 4c 89 78 20 4c 8d 3d 8b 17 8e 00
0x00007ffee9c14c15:   66 66 66 0f 1f 84 00 00 00 00 00 8b f7 4c 8d 04
0x00007ffee9c14c25:   b6 49 c1 e0 05 4c 03 45 10 45 39 20 0f 84 f7 00
0x00007ffee9c14c35:   00 00 44 89 64 24 28 49 8b d4 48 89 54 24 20 44
0x00007ffee9c14c45:   8b f6 48 c7 44 24 2c 04 00 00 00 41 83 e6 3f 41
0x00007ffee9c14c55:   8b 40 04 89 44 24 34 4c 89 64 24 38 49 8b 40 08
0x00007ffee9c14c65:   48 89 44 24 40 4c 89 44 24 48 90 48 85 d2 74 1d
0x00007ffee9c14c75:   48 0f bc c2 8b c8 48 d3 ea 8b 4c 24 28 48 ff ca
0x00007ffee9c14c85:   03 c8 48 89 54 24 20 89 4c 24 28 eb 26 83 7c 24
0x00007ffee9c14c95:   2c 04 72 0e 8b 44 24 34 39 44 24 30 0f 83 87 00
0x00007ffee9c14ca5:   00 00 48 8d 4c 24 20 e8 6f 69 00 00 48 8b 54 24
0x00007ffee9c14cb5:   20 8b c8 85 c9 74 72 8b c1 48 8d 1c 80 48 c1 e3
0x00007ffee9c14cc5:   05 48 03 5d 10 85 ff 74 a2 48 8b 43 08 48 8b ce
0x00007ffee9c14cd5:   48 c1 e9 08 4c 8b 0c c8 4d 3b cf 75 0d 8b d7 48
0x00007ffee9c14ce5:   8b cb e8 f4 6a 00 00 4c 8b c8 49 8b ce 41 b8 01
0x00007ffee9c14cf5:   00 00 00 49 d3 e0 48 8b ce 48 c1 e9 06 83 e1 03
0x00007ffee9c14d05:   49 8b 14 c9 48 8b c2 49 0b c0 49 89 04 c9 49 85
0x00007ffee9c14d15:   d0 74 0a 48 8b 54 24 20 e9 4e ff ff ff ff 03 48
0x00007ffee9c14d25:   8b 54 24 20 e9 42 ff ff ff ff c7 3b 7d 28 0f 82
0x00007ffee9c14d35:   e7 fe ff ff 4c 8b bc 24 88 00 00 00 4c 8b b4 24
0x00007ffee9c14d45:   80 00 00 00 48 8b 74 24 78 48 8b 5c 24 70 c6 45
0x00007ffee9c14d55:   18 01 48 83 c4 50 41 5c 5f 5d c3 c6 41 18 01 48
0x00007ffee9c14d65:   83 c4 50 41 5c 5f 5d c3 cc cc cc 4c 8b dc 49 89
0x00007ffee9c14d75:   6b 20 56 57 41 56 48 83 ec 50 41 8b c0 48 8b e9
0x00007ffee9c14d85:   8b f2 4c 8d 14 80 49 c1 e2 05 48 8d 3c b6 4c 03
0x00007ffee9c14d95:   51 10 48 c1 e7 05 48 03 79 10 41 83 3a 00 0f 84
0x00007ffee9c14da5:   79 01 00 00 33 d2 4d 89 63 10 49 89 53 b8 4c 8d
0x00007ffee9c14db5:   25 e6 15 8e 00 89 54 24 28 44 8b c2 49 c7 43 c4
0x00007ffee9c14dc5:   04 00 00 00 41 8b 42 04 89 44 24 34 4d 89 7b 18
0x00007ffee9c14dd5:   44 8b fe 49 89 53 d0 41 83 e7 3f 49 8b 42 08 49
0x00007ffee9c14de5:   89 43 d8 4d 89 53 e0 49 89 5b 08 48 85 d2 74 1b
0x00007ffee9c14df5:   48 0f bc c2 8b c8 48 d3 ea 48 ff ca 44 03 c0 48 


Stack slot to memory mapping:

stack at sp + 0 slots: 0x000002838a91b010 points into unknown readable memory: 0x0000002700000035 | 35 00 00 00 27 00 00 00
stack at sp + 1 slots: 0x000000d2b3dfc940 is pointing into the stack for thread: 0x00000283407fb0e0
stack at sp + 2 slots: 0x0000000000002631 is an unknown value
stack at sp + 3 slots: 0x00000283407ead70 points into unknown readable memory: 0x0000000000000007 | 07 00 00 00 00 00 00 00
stack at sp + 4 slots: 0x00000000001ffffe is an unknown value
stack at sp + 5 slots: 0x0000000400000fe7 is an unknown value
stack at sp + 6 slots: 0x0000002400000010 is an unknown value
stack at sp + 7 slots: 0x0000028389c711a0 points into unknown readable memory: 0x0000000000000000 | 00 00 00 00 00 00 00 00


---------------  P R O C E S S  ---------------

Threads class SMR info:
_java_thread_list=0x00000283889a8730, length=26, elements={
0x000002832a44db20, 0x00000283407ea400, 0x00000283407ecc10, 0x00000283407f0320,
0x00000283407f15e0, 0x00000283407f3fa0, 0x00000283407f8690, 0x00000283407fb0e0,
0x00000283408104c0, 0x00000283826830f0, 0x000002838292d420, 0x000002838755b460,
0x0000028387881ad0, 0x00000283875e62f0, 0x000002838757ffd0, 0x0000028387d3a170,
0x00000283879ea5c0, 0x000002838747e350, 0x0000028340887ad0, 0x0000028340885a00,
0x0000028340886720, 0x0000028340884ce0, 0x0000028340886090, 0x00000283885c68b0,
0x0000028340888160, 0x0000028340885370
}

Java Threads: ( => current thread )
  0x000002832a44db20 JavaThread "main"                              [_thread_blocked, id=5560, stack(0x000000d2b3300000,0x000000d2b3400000) (1024K)]
  0x00000283407ea400 JavaThread "Reference Handler"          daemon [_thread_blocked, id=9024, stack(0x000000d2b3700000,0x000000d2b3800000) (1024K)]
  0x00000283407ecc10 JavaThread "Finalizer"                  daemon [_thread_blocked, id=9736, stack(0x000000d2b3800000,0x000000d2b3900000) (1024K)]
  0x00000283407f0320 JavaThread "Signal Dispatcher"          daemon [_thread_blocked, id=5960, stack(0x000000d2b3900000,0x000000d2b3a00000) (1024K)]
  0x00000283407f15e0 JavaThread "Attach Listener"            daemon [_thread_blocked, id=11188, stack(0x000000d2b3a00000,0x000000d2b3b00000) (1024K)]
  0x00000283407f3fa0 JavaThread "Service Thread"             daemon [_thread_blocked, id=1332, stack(0x000000d2b3b00000,0x000000d2b3c00000) (1024K)]
  0x00000283407f8690 JavaThread "Monitor Deflation Thread"   daemon [_thread_blocked, id=7680, stack(0x000000d2b3c00000,0x000000d2b3d00000) (1024K)]
=>0x00000283407fb0e0 JavaThread "C2 CompilerThread0"         daemon [_thread_in_native, id=10960, stack(0x000000d2b3d00000,0x000000d2b3e00000) (1024K)]
  0x00000283408104c0 JavaThread "C1 CompilerThread0"         daemon [_thread_blocked, id=3452, stack(0x000000d2b3e00000,0x000000d2b3f00000) (1024K)]
  0x00000283826830f0 JavaThread "Common-Cleaner"             daemon [_thread_blocked, id=1132, stack(0x000000d2b3f00000,0x000000d2b4000000) (1024K)]
  0x000002838292d420 JavaThread "Notification Thread"        daemon [_thread_blocked, id=120, stack(0x000000d2b4100000,0x000000d2b4200000) (1024K)]
  0x000002838755b460 JavaThread "Active Thread: Equinox Container: d4befc04-ac71-48d2-a6c7-93086751f1ec"        [_thread_blocked, id=7856, stack(0x000000d2b4500000,0x000000d2b4600000) (1024K)]
  0x0000028387881ad0 JavaThread "Refresh Thread: Equinox Container: d4befc04-ac71-48d2-a6c7-93086751f1ec" daemon [_thread_blocked, id=11120, stack(0x000000d2b4600000,0x000000d2b4700000) (1024K)]
  0x00000283875e62f0 JavaThread "Framework Event Dispatcher: Equinox Container: d4befc04-ac71-48d2-a6c7-93086751f1ec" daemon [_thread_blocked, id=9420, stack(0x000000d2b4700000,0x000000d2b4800000) (1024K)]
  0x000002838757ffd0 JavaThread "Start Level: Equinox Container: d4befc04-ac71-48d2-a6c7-93086751f1ec" daemon [_thread_blocked, id=3028, stack(0x000000d2b4800000,0x000000d2b4900000) (1024K)]
  0x0000028387d3a170 JavaThread "Bundle File Closer"         daemon [_thread_blocked, id=10176, stack(0x000000d2b4900000,0x000000d2b4a00000) (1024K)]
  0x00000283879ea5c0 JavaThread "SCR Component Actor"        daemon [_thread_blocked, id=7384, stack(0x000000d2b4a00000,0x000000d2b4b00000) (1024K)]
  0x000002838747e350 JavaThread "SCR Component Registry"     daemon [_thread_blocked, id=5080, stack(0x000000d2b4000000,0x000000d2b4100000) (1024K)]
  0x0000028340887ad0 JavaThread "Worker-JM"                         [_thread_blocked, id=10908, stack(0x000000d2b4c00000,0x000000d2b4d00000) (1024K)]
  0x0000028340885a00 JavaThread "JNA Cleaner"                daemon [_thread_blocked, id=1232, stack(0x000000d2b4b00000,0x000000d2b4c00000) (1024K)]
  0x0000028340886720 JavaThread "Worker-0: Repository registry initialization"        [_thread_blocked, id=2488, stack(0x000000d2b4d00000,0x000000d2b4e00000) (1024K)]
  0x0000028340884ce0 JavaThread "Worker-1: Processing Java changes since last activation"        [_thread_blocked, id=11008, stack(0x000000d2b4e00000,0x000000d2b4f00000) (1024K)]
  0x0000028340886090 JavaThread "Worker-2: Building"                [_thread_blocked, id=6992, stack(0x000000d2b5000000,0x000000d2b5100000) (1024K)]
  0x00000283885c68b0 JavaThread "C2 CompilerThread1"         daemon [_thread_in_native, id=9604, stack(0x000000d2b4f00000,0x000000d2b5000000) (1024K)]
  0x0000028340888160 JavaThread "Java indexing"              daemon [_thread_new, id=7704, stack(0x0000000000000000,0x0000000000000000) (0B)]
  0x0000028340885370 JavaThread "Worker-3"                          [_thread_blocked, id=2760, stack(0x000000d2b5200000,0x000000d2b5300000) (1024K)]
Total: 26

Other Threads:
  0x00000283407de000 VMThread "VM Thread"                           [id=10304, stack(0x000000d2b3600000,0x000000d2b3700000) (1024K)] _threads_hazard_ptr=0x00000283889a8730
  0x000002834079cbd0 WatcherThread "VM Periodic Task Thread"        [id=6032, stack(0x000000d2b3500000,0x000000d2b3600000) (1024K)]
  0x000002832a46d390 WorkerThread "GC Thread#0"                     [id=3408, stack(0x000000d2b3400000,0x000000d2b3500000) (1024K)]
  0x00000283871c7980 WorkerThread "GC Thread#1"                     [id=8360, stack(0x000000d2b4200000,0x000000d2b4300000) (1024K)]
  0x00000283873090f0 WorkerThread "GC Thread#2"                     [id=7332, stack(0x000000d2b4300000,0x000000d2b4400000) (1024K)]
  0x0000028387309490 WorkerThread "GC Thread#3"                     [id=4772, stack(0x000000d2b4400000,0x000000d2b4500000) (1024K)]
Total: 6

Threads with active compile tasks:
C2 CompilerThread0  12968 4274       4       org.lombokweb.asm.ClassReader::readMethod (1070 bytes)
C2 CompilerThread1  12968 4540   !   4       org.eclipse.osgi.storage.bundlefile.CloseableBundleFile::getEntry (28 bytes)
Total: 2

VM state: not at safepoint (normal execution)

VM Mutex/Monitor currently owned by a thread:  ([mutex/lock_event])
[0x00007ffeea50e480] Heap_lock - owner thread: 0x0000028340886090

Heap address: 0x00000000c0000000, size: 1024 MB, Compressed Oops mode: 32-bit

CDS archive(s) mapped at: [0x0000028341000000-0x0000028341ba0000-0x0000028341ba0000), size 12189696, SharedBaseAddress: 0x0000028341000000, ArchiveRelocationMode: 1.
Compressed class space mapped at: 0x0000028342000000-0x0000028382000000, reserved size: 1073741824
Narrow klass base: 0x0000028341000000, Narrow klass shift: 0, Narrow klass range: 0x100000000

GC Precious Log:
 CardTable entry size: 512
 CPUs: 4 total, 4 available
 Memory: 4004M
 Large Page Support: Disabled
 NUMA Support: Disabled
 Compressed Oops: Enabled (32-bit)
 Alignments: Space 512K, Generation 512K, Heap 2M
 Heap Min Capacity: 100M
 Heap Initial Capacity: 100M
 Heap Max Capacity: 1G
 Pre-touch: Disabled
 Parallel Workers: 4

Heap:
 PSYoungGen      total 24576K, used 24452K [0x00000000eab00000, 0x00000000ec880000, 0x0000000100000000)
  eden space 23040K, 99% used [0x00000000eab00000,0x00000000ec17fb70,0x00000000ec180000)
  from space 1536K, 92% used [0x00000000ec700000,0x00000000ec861818,0x00000000ec880000)
  to   space 1536K, 0% used [0x00000000ec580000,0x00000000ec580000,0x00000000ec700000)
 ParOldGen       total 68608K, used 14323K [0x00000000c0000000, 0x00000000c4300000, 0x00000000eab00000)
  object space 68608K, 20% used [0x00000000c0000000,0x00000000c0dfcdd8,0x00000000c4300000)
 Metaspace       used 31094K, committed 32064K, reserved 1114112K
  class space    used 3084K, committed 3520K, reserved 1048576K

Card table byte_map: [0x000002833e130000,0x000002833e340000] _byte_map_base: 0x000002833db30000

Marking Bits: (ParMarkBitMap*) 0x00007ffeea513260
 Begin Bits: [0x000002833e4a0000, 0x000002833f4a0000)
 End Bits:   [0x000002833f4a0000, 0x00000283404a0000)

Polling page: 0x000002832a520000

Metaspace:

Usage:
  Non-class:     27.35 MB used.
      Class:      3.01 MB used.
       Both:     30.37 MB used.

Virtual space:
  Non-class space:       64.00 MB reserved,      27.88 MB ( 44%) committed,  1 nodes.
      Class space:        1.00 GB reserved,       3.44 MB ( <1%) committed,  1 nodes.
             Both:        1.06 GB reserved,      31.31 MB (  3%) committed. 

Chunk freelists:
   Non-Class:  3.95 MB
       Class:  12.41 MB
        Both:  16.36 MB

MaxMetaspaceSize: unlimited
CompressedClassSpaceSize: 1.00 GB
Initial GC threshold: 21.00 MB
Current GC threshold: 35.00 MB
CDS: on
 - commit_granule_bytes: 65536.
 - commit_granule_words: 8192.
 - virtual_space_node_default_size: 8388608.
 - enlarge_chunks_in_place: 1.
 - use_allocation_guard: 0.


Internal statistics:

num_allocs_failed_limit: 3.
num_arena_births: 830.
num_arena_deaths: 14.
num_vsnodes_births: 2.
num_vsnodes_deaths: 0.
num_space_committed: 501.
num_space_uncommitted: 0.
num_chunks_returned_to_freelist: 17.
num_chunks_taken_from_freelist: 2197.
num_chunk_merges: 9.
num_chunk_splits: 1348.
num_chunks_enlarged: 749.
num_inconsistent_stats: 0.

CodeHeap 'non-profiled nmethods': size=120000Kb used=2183Kb max_used=2183Kb free=117816Kb
 bounds [0x0000028336a10000, 0x0000028336c80000, 0x000002833df40000]
CodeHeap 'profiled nmethods': size=120000Kb used=9553Kb max_used=9553Kb free=110446Kb
 bounds [0x000002832ef40000, 0x000002832f8a0000, 0x0000028336470000]
CodeHeap 'non-nmethods': size=5760Kb used=1340Kb max_used=1381Kb free=4419Kb
 bounds [0x0000028336470000, 0x00000283366e0000, 0x0000028336a10000]
 total_blobs=5168 nmethods=4535 adapters=539
 compilation: enabled
              stopped_count=0, restarted_count=0
 full_count=0

Compilation events (20 events):
Event: 12.714 Thread 0x00000283408104c0 4527       3       sun.reflect.generics.parser.SignatureParser::skipIdentifier (67 bytes)
Event: 12.715 Thread 0x00000283408104c0 nmethod 4527 0x000002832f88bf90 code [0x000002832f88c1a0, 0x000002832f88c700]
Event: 12.716 Thread 0x00000283408104c0 4528       1       java.lang.reflect.Method::getSharedExceptionTypes (5 bytes)
Event: 12.716 Thread 0x00000283408104c0 nmethod 4528 0x0000028336c27910 code [0x0000028336c27aa0, 0x0000028336c27b68]
Event: 12.717 Thread 0x00000283408104c0 4529       3       java.lang.reflect.Executable::isVarArgs (17 bytes)
Event: 12.718 Thread 0x00000283408104c0 nmethod 4529 0x000002832f88c890 code [0x000002832f88ca40, 0x000002832f88cc60]
Event: 12.718 Thread 0x00000283408104c0 4530       3       jdk.internal.org.objectweb.asm.SymbolTable::addConstantUtf8 (98 bytes)
Event: 12.719 Thread 0x00000283408104c0 nmethod 4530 0x000002832f88cd10 code [0x000002832f88cf40, 0x000002832f88d520]
Event: 12.733 Thread 0x00000283408104c0 4533       3       java.nio.HeapByteBuffer::getShort (29 bytes)
Event: 12.734 Thread 0x00000283408104c0 nmethod 4533 0x000002832f88d890 code [0x000002832f88db00, 0x000002832f88e4f0]
Event: 12.738 Thread 0x00000283408104c0 4534       1       jdk.internal.loader.AbstractClassLoaderValue$Sub::parent (5 bytes)
Event: 12.738 Thread 0x00000283408104c0 nmethod 4534 0x0000028336c27c10 code [0x0000028336c27da0, 0x0000028336c27e68]
Event: 12.748 Thread 0x00000283408104c0 4536       3       java.util.ImmutableCollections$Set12::<init> (53 bytes)
Event: 12.749 Thread 0x00000283408104c0 nmethod 4536 0x000002832f88e910 code [0x000002832f88ebc0, 0x000002832f88f780]
Event: 12.757 Thread 0x00000283408104c0 4537       1       java.lang.StackTraceElement::getClassName (5 bytes)
Event: 12.757 Thread 0x00000283408104c0 nmethod 4537 0x0000028336c27f10 code [0x0000028336c280a0, 0x0000028336c28168]
Event: 12.770 Thread 0x00000283408104c0 4538   !   3       jdk.xml.internal.SecuritySupport::readConfig (150 bytes)
Event: 12.775 Thread 0x00000283408104c0 nmethod 4538 0x000002832f88fc10 code [0x000002832f890160, 0x000002832f893070]
Event: 12.775 Thread 0x00000283408104c0 4539       3       com.sun.org.apache.xerces.internal.dom.NodeImpl::needsSyncChildren (15 bytes)
Event: 12.776 Thread 0x00000283408104c0 nmethod 4539 0x000002832f894210 code [0x000002832f8943a0, 0x000002832f894508]

GC Heap History (20 events):
Event: 3.838 GC heap before
{Heap before GC invocations=2 (full 0):
 PSYoungGen      total 29696K, used 28773K [0x00000000eab00000, 0x00000000ecc00000, 0x0000000100000000)
  eden space 25600K, 100% used [0x00000000eab00000,0x00000000ec400000,0x00000000ec400000)
  from space 4096K, 77% used [0x00000000ec400000,0x00000000ec7197f0,0x00000000ec800000)
  to   space 4096K, 0% used [0x00000000ec800000,0x00000000ec800000,0x00000000ecc00000)
 ParOldGen       total 68608K, used 8K [0x00000000c0000000, 0x00000000c4300000, 0x00000000eab00000)
  object space 68608K, 0% used [0x00000000c0000000,0x00000000c0002000,0x00000000c4300000)
 Metaspace       used 7908K, committed 8192K, reserved 1114112K
  class space    used 769K, committed 896K, reserved 1048576K
}
Event: 3.849 GC heap after
{Heap after GC invocations=2 (full 0):
 PSYoungGen      total 29696K, used 4068K [0x00000000eab00000, 0x00000000ecc00000, 0x0000000100000000)
  eden space 25600K, 0% used [0x00000000eab00000,0x00000000eab00000,0x00000000ec400000)
  from space 4096K, 99% used [0x00000000ec800000,0x00000000ecbf9158,0x00000000ecc00000)
  to   space 4096K, 0% used [0x00000000ec400000,0x00000000ec400000,0x00000000ec800000)
 ParOldGen       total 68608K, used 1721K [0x00000000c0000000, 0x00000000c4300000, 0x00000000eab00000)
  object space 68608K, 2% used [0x00000000c0000000,0x00000000c01ae758,0x00000000c4300000)
 Metaspace       used 7908K, committed 8192K, reserved 1114112K
  class space    used 769K, committed 896K, reserved 1048576K
}
Event: 4.842 GC heap before
{Heap before GC invocations=3 (full 0):
 PSYoungGen      total 29696K, used 29668K [0x00000000eab00000, 0x00000000ecc00000, 0x0000000100000000)
  eden space 25600K, 100% used [0x00000000eab00000,0x00000000ec400000,0x00000000ec400000)
  from space 4096K, 99% used [0x00000000ec800000,0x00000000ecbf9158,0x00000000ecc00000)
  to   space 4096K, 0% used [0x00000000ec400000,0x00000000ec400000,0x00000000ec800000)
 ParOldGen       total 68608K, used 1721K [0x00000000c0000000, 0x00000000c4300000, 0x00000000eab00000)
  object space 68608K, 2% used [0x00000000c0000000,0x00000000c01ae758,0x00000000c4300000)
 Metaspace       used 9175K, committed 9536K, reserved 1114112K
  class space    used 918K, committed 1088K, reserved 1048576K
}
Event: 4.859 GC heap after
{Heap after GC invocations=3 (full 0):
 PSYoungGen      total 29696K, used 4064K [0x00000000eab00000, 0x00000000ecc00000, 0x0000000100000000)
  eden space 25600K, 0% used [0x00000000eab00000,0x00000000eab00000,0x00000000ec400000)
  from space 4096K, 99% used [0x00000000ec400000,0x00000000ec7f82c8,0x00000000ec800000)
  to   space 4096K, 0% used [0x00000000ec800000,0x00000000ec800000,0x00000000ecc00000)
 ParOldGen       total 68608K, used 5702K [0x00000000c0000000, 0x00000000c4300000, 0x00000000eab00000)
  object space 68608K, 8% used [0x00000000c0000000,0x00000000c0591858,0x00000000c4300000)
 Metaspace       used 9175K, committed 9536K, reserved 1114112K
  class space    used 918K, committed 1088K, reserved 1048576K
}
Event: 5.838 GC heap before
{Heap before GC invocations=4 (full 0):
 PSYoungGen      total 29696K, used 29664K [0x00000000eab00000, 0x00000000ecc00000, 0x0000000100000000)
  eden space 25600K, 100% used [0x00000000eab00000,0x00000000ec400000,0x00000000ec400000)
  from space 4096K, 99% used [0x00000000ec400000,0x00000000ec7f82c8,0x00000000ec800000)
  to   space 4096K, 0% used [0x00000000ec800000,0x00000000ec800000,0x00000000ecc00000)
 ParOldGen       total 68608K, used 5702K [0x00000000c0000000, 0x00000000c4300000, 0x00000000eab00000)
  object space 68608K, 8% used [0x00000000c0000000,0x00000000c0591858,0x00000000c4300000)
 Metaspace       used 12218K, committed 12608K, reserved 1114112K
  class space    used 1212K, committed 1344K, reserved 1048576K
}
Event: 5.853 GC heap after
{Heap after GC invocations=4 (full 0):
 PSYoungGen      total 29696K, used 4085K [0x00000000eab00000, 0x00000000ecc00000, 0x0000000100000000)
  eden space 25600K, 0% used [0x00000000eab00000,0x00000000eab00000,0x00000000ec400000)
  from space 4096K, 99% used [0x00000000ec800000,0x00000000ecbfd6f8,0x00000000ecc00000)
  to   space 4096K, 0% used [0x00000000ec400000,0x00000000ec400000,0x00000000ec800000)
 ParOldGen       total 68608K, used 6854K [0x00000000c0000000, 0x00000000c4300000, 0x00000000eab00000)
  object space 68608K, 9% used [0x00000000c0000000,0x00000000c06b1a08,0x00000000c4300000)
 Metaspace       used 12218K, committed 12608K, reserved 1114112K
  class space    used 1212K, committed 1344K, reserved 1048576K
}
Event: 7.141 GC heap before
{Heap before GC invocations=5 (full 0):
 PSYoungGen      total 29696K, used 29685K [0x00000000eab00000, 0x00000000ecc00000, 0x0000000100000000)
  eden space 25600K, 100% used [0x00000000eab00000,0x00000000ec400000,0x00000000ec400000)
  from space 4096K, 99% used [0x00000000ec800000,0x00000000ecbfd6f8,0x00000000ecc00000)
  to   space 4096K, 0% used [0x00000000ec400000,0x00000000ec400000,0x00000000ec800000)
 ParOldGen       total 68608K, used 6854K [0x00000000c0000000, 0x00000000c4300000, 0x00000000eab00000)
  object space 68608K, 9% used [0x00000000c0000000,0x00000000c06b1a08,0x00000000c4300000)
 Metaspace       used 15988K, committed 16576K, reserved 1114112K
  class space    used 1567K, committed 1856K, reserved 1048576K
}
Event: 7.150 GC heap after
{Heap after GC invocations=5 (full 0):
 PSYoungGen      total 29184K, used 4089K [0x00000000eab00000, 0x00000000ecf80000, 0x0000000100000000)
  eden space 25088K, 0% used [0x00000000eab00000,0x00000000eab00000,0x00000000ec380000)
  from space 4096K, 99% used [0x00000000ec400000,0x00000000ec7fe510,0x00000000ec800000)
  to   space 6144K, 0% used [0x00000000ec980000,0x00000000ec980000,0x00000000ecf80000)
 ParOldGen       total 68608K, used 8645K [0x00000000c0000000, 0x00000000c4300000, 0x00000000eab00000)
  object space 68608K, 12% used [0x00000000c0000000,0x00000000c0871550,0x00000000c4300000)
 Metaspace       used 15988K, committed 16576K, reserved 1114112K
  class space    used 1567K, committed 1856K, reserved 1048576K
}
Event: 9.086 GC heap before
{Heap before GC invocations=6 (full 0):
 PSYoungGen      total 29184K, used 29094K [0x00000000eab00000, 0x00000000ecf80000, 0x0000000100000000)
  eden space 25088K, 99% used [0x00000000eab00000,0x00000000ec36b430,0x00000000ec380000)
  from space 4096K, 99% used [0x00000000ec400000,0x00000000ec7fe510,0x00000000ec800000)
  to   space 6144K, 0% used [0x00000000ec980000,0x00000000ec980000,0x00000000ecf80000)
 ParOldGen       total 68608K, used 8645K [0x00000000c0000000, 0x00000000c4300000, 0x00000000eab00000)
  object space 68608K, 12% used [0x00000000c0000000,0x00000000c0871550,0x00000000c4300000)
 Metaspace       used 18908K, committed 19648K, reserved 1114112K
  class space    used 1896K, committed 2240K, reserved 1048576K
}
Event: 9.103 GC heap after
{Heap after GC invocations=6 (full 0):
 PSYoungGen      total 29184K, used 4254K [0x00000000eab00000, 0x00000000ece00000, 0x0000000100000000)
  eden space 24576K, 0% used [0x00000000eab00000,0x00000000eab00000,0x00000000ec300000)
  from space 4608K, 92% used [0x00000000ec980000,0x00000000ecda7918,0x00000000ece00000)
  to   space 5120K, 0% used [0x00000000ec400000,0x00000000ec400000,0x00000000ec900000)
 ParOldGen       total 68608K, used 8653K [0x00000000c0000000, 0x00000000c4300000, 0x00000000eab00000)
  object space 68608K, 12% used [0x00000000c0000000,0x00000000c0873550,0x00000000c4300000)
 Metaspace       used 18908K, committed 19648K, reserved 1114112K
  class space    used 1896K, committed 2240K, reserved 1048576K
}
Event: 10.137 GC heap before
{Heap before GC invocations=7 (full 0):
 PSYoungGen      total 29184K, used 21169K [0x00000000eab00000, 0x00000000ece00000, 0x0000000100000000)
  eden space 24576K, 68% used [0x00000000eab00000,0x00000000ebb84b10,0x00000000ec300000)
  from space 4608K, 92% used [0x00000000ec980000,0x00000000ecda7918,0x00000000ece00000)
  to   space 5120K, 0% used [0x00000000ec400000,0x00000000ec400000,0x00000000ec900000)
 ParOldGen       total 68608K, used 8653K [0x00000000c0000000, 0x00000000c4300000, 0x00000000eab00000)
  object space 68608K, 12% used [0x00000000c0000000,0x00000000c0873550,0x00000000c4300000)
 Metaspace       used 20672K, committed 21504K, reserved 1114112K
  class space    used 2118K, committed 2496K, reserved 1048576K
}
Event: 10.154 GC heap after
{Heap after GC invocations=7 (full 0):
 PSYoungGen      total 28672K, used 3904K [0x00000000eab00000, 0x00000000ecc00000, 0x0000000100000000)
  eden space 24576K, 0% used [0x00000000eab00000,0x00000000eab00000,0x00000000ec300000)
  from space 4096K, 95% used [0x00000000ec400000,0x00000000ec7d0158,0x00000000ec800000)
  to   space 4096K, 0% used [0x00000000ec800000,0x00000000ec800000,0x00000000ecc00000)
 ParOldGen       total 68608K, used 9827K [0x00000000c0000000, 0x00000000c4300000, 0x00000000eab00000)
  object space 68608K, 14% used [0x00000000c0000000,0x00000000c0998d80,0x00000000c4300000)
 Metaspace       used 20672K, committed 21504K, reserved 1114112K
  class space    used 2118K, committed 2496K, reserved 1048576K
}
Event: 10.154 GC heap before
{Heap before GC invocations=8 (full 1):
 PSYoungGen      total 28672K, used 3904K [0x00000000eab00000, 0x00000000ecc00000, 0x0000000100000000)
  eden space 24576K, 0% used [0x00000000eab00000,0x00000000eab00000,0x00000000ec300000)
  from space 4096K, 95% used [0x00000000ec400000,0x00000000ec7d0158,0x00000000ec800000)
  to   space 4096K, 0% used [0x00000000ec800000,0x00000000ec800000,0x00000000ecc00000)
 ParOldGen       total 68608K, used 9827K [0x00000000c0000000, 0x00000000c4300000, 0x00000000eab00000)
  object space 68608K, 14% used [0x00000000c0000000,0x00000000c0998d80,0x00000000c4300000)
 Metaspace       used 20672K, committed 21504K, reserved 1114112K
  class space    used 2118K, committed 2496K, reserved 1048576K
}
Event: 10.254 GC heap after
{Heap after GC invocations=8 (full 1):
 PSYoungGen      total 28672K, used 0K [0x00000000eab00000, 0x00000000ecc00000, 0x0000000100000000)
  eden space 24576K, 0% used [0x00000000eab00000,0x00000000eab00000,0x00000000ec300000)
  from space 4096K, 0% used [0x00000000ec400000,0x00000000ec400000,0x00000000ec800000)
  to   space 4096K, 0% used [0x00000000ec800000,0x00000000ec800000,0x00000000ecc00000)
 ParOldGen       total 68608K, used 12953K [0x00000000c0000000, 0x00000000c4300000, 0x00000000eab00000)
  object space 68608K, 18% used [0x00000000c0000000,0x00000000c0ca6588,0x00000000c4300000)
 Metaspace       used 20659K, committed 21504K, reserved 1114112K
  class space    used 2115K, committed 2496K, reserved 1048576K
}
Event: 10.911 GC heap before
{Heap before GC invocations=9 (full 1):
 PSYoungGen      total 28672K, used 24576K [0x00000000eab00000, 0x00000000ecc00000, 0x0000000100000000)
  eden space 24576K, 100% used [0x00000000eab00000,0x00000000ec300000,0x00000000ec300000)
  from space 4096K, 0% used [0x00000000ec400000,0x00000000ec400000,0x00000000ec800000)
  to   space 4096K, 0% used [0x00000000ec800000,0x00000000ec800000,0x00000000ecc00000)
 ParOldGen       total 68608K, used 12953K [0x00000000c0000000, 0x00000000c4300000, 0x00000000eab00000)
  object space 68608K, 18% used [0x00000000c0000000,0x00000000c0ca6588,0x00000000c4300000)
 Metaspace       used 22960K, committed 23936K, reserved 1114112K
  class space    used 2302K, committed 2752K, reserved 1048576K
}
Event: 10.913 GC heap after
{Heap after GC invocations=9 (full 1):
 PSYoungGen      total 25088K, used 668K [0x00000000eab00000, 0x00000000ec900000, 0x0000000100000000)
  eden space 24064K, 0% used [0x00000000eab00000,0x00000000eab00000,0x00000000ec280000)
  from space 1024K, 65% used [0x00000000ec800000,0x00000000ec8a7150,0x00000000ec900000)
  to   space 2048K, 0% used [0x00000000ec500000,0x00000000ec500000,0x00000000ec700000)
 ParOldGen       total 68608K, used 12961K [0x00000000c0000000, 0x00000000c4300000, 0x00000000eab00000)
  object space 68608K, 18% used [0x00000000c0000000,0x00000000c0ca8588,0x00000000c4300000)
 Metaspace       used 22960K, committed 23936K, reserved 1114112K
  class space    used 2302K, committed 2752K, reserved 1048576K
}
Event: 11.289 GC heap before
{Heap before GC invocations=10 (full 1):
 PSYoungGen      total 25088K, used 24553K [0x00000000eab00000, 0x00000000ec900000, 0x0000000100000000)
  eden space 24064K, 99% used [0x00000000eab00000,0x00000000ec253398,0x00000000ec280000)
  from space 1024K, 65% used [0x00000000ec800000,0x00000000ec8a7150,0x00000000ec900000)
  to   space 2048K, 0% used [0x00000000ec500000,0x00000000ec500000,0x00000000ec700000)
 ParOldGen       total 68608K, used 12961K [0x00000000c0000000, 0x00000000c4300000, 0x00000000eab00000)
  object space 68608K, 18% used [0x00000000c0000000,0x00000000c0ca8588,0x00000000c4300000)
 Metaspace       used 26606K, committed 27584K, reserved 1114112K
  class space    used 2567K, committed 3008K, reserved 1048576K
}
Event: 11.291 GC heap after
{Heap after GC invocations=10 (full 1):
 PSYoungGen      total 25600K, used 906K [0x00000000eab00000, 0x00000000ec880000, 0x0000000100000000)
  eden space 23552K, 0% used [0x00000000eab00000,0x00000000eab00000,0x00000000ec200000)
  from space 2048K, 44% used [0x00000000ec500000,0x00000000ec5e29e0,0x00000000ec700000)
  to   space 1536K, 0% used [0x00000000ec700000,0x00000000ec700000,0x00000000ec880000)
 ParOldGen       total 68608K, used 12961K [0x00000000c0000000, 0x00000000c4300000, 0x00000000eab00000)
  object space 68608K, 18% used [0x00000000c0000000,0x00000000c0ca8588,0x00000000c4300000)
 Metaspace       used 26606K, committed 27584K, reserved 1114112K
  class space    used 2567K, committed 3008K, reserved 1048576K
}
Event: 11.839 GC heap before
{Heap before GC invocations=11 (full 1):
 PSYoungGen      total 25600K, used 24458K [0x00000000eab00000, 0x00000000ec880000, 0x0000000100000000)
  eden space 23552K, 100% used [0x00000000eab00000,0x00000000ec200000,0x00000000ec200000)
  from space 2048K, 44% used [0x00000000ec500000,0x00000000ec5e29e0,0x00000000ec700000)
  to   space 1536K, 0% used [0x00000000ec700000,0x00000000ec700000,0x00000000ec880000)
 ParOldGen       total 68608K, used 12961K [0x00000000c0000000, 0x00000000c4300000, 0x00000000eab00000)
  object space 68608K, 18% used [0x00000000c0000000,0x00000000c0ca8588,0x00000000c4300000)
 Metaspace       used 27890K, committed 28928K, reserved 1114112K
  class space    used 2698K, committed 3136K, reserved 1048576K
}
Event: 11.846 GC heap after
{Heap after GC invocations=11 (full 1):
 PSYoungGen      total 24576K, used 1414K [0x00000000eab00000, 0x00000000ec880000, 0x0000000100000000)
  eden space 23040K, 0% used [0x00000000eab00000,0x00000000eab00000,0x00000000ec180000)
  from space 1536K, 92% used [0x00000000ec700000,0x00000000ec861818,0x00000000ec880000)
  to   space 1536K, 0% used [0x00000000ec580000,0x00000000ec580000,0x00000000ec700000)
 ParOldGen       total 68608K, used 14323K [0x00000000c0000000, 0x00000000c4300000, 0x00000000eab00000)
  object space 68608K, 20% used [0x00000000c0000000,0x00000000c0dfcdd8,0x00000000c4300000)
 Metaspace       used 27890K, committed 28928K, reserved 1114112K
  class space    used 2698K, committed 3136K, reserved 1048576K
}

Dll operation events (10 events):
Event: 0.016 Loaded shared library c:\Users\DAYANA\.vscode\extensions\redhat.java-1.41.2025031912-win32-x64\jre\21.0.6-win32-x86_64\bin\java.dll
Event: 0.192 Loaded shared library c:\Users\DAYANA\.vscode\extensions\redhat.java-1.41.2025031912-win32-x64\jre\21.0.6-win32-x86_64\bin\zip.dll
Event: 0.251 Loaded shared library C:\Users\DAYANA\.vscode\extensions\redhat.java-1.41.2025031912-win32-x64\jre\21.0.6-win32-x86_64\bin\instrument.dll
Event: 0.258 Loaded shared library C:\Users\DAYANA\.vscode\extensions\redhat.java-1.41.2025031912-win32-x64\jre\21.0.6-win32-x86_64\bin\net.dll
Event: 0.264 Loaded shared library C:\Users\DAYANA\.vscode\extensions\redhat.java-1.41.2025031912-win32-x64\jre\21.0.6-win32-x86_64\bin\nio.dll
Event: 0.269 Loaded shared library C:\Users\DAYANA\.vscode\extensions\redhat.java-1.41.2025031912-win32-x64\jre\21.0.6-win32-x86_64\bin\zip.dll
Event: 0.303 Loaded shared library C:\Users\DAYANA\.vscode\extensions\redhat.java-1.41.2025031912-win32-x64\jre\21.0.6-win32-x86_64\bin\jimage.dll
Event: 0.469 Loaded shared library c:\Users\DAYANA\.vscode\extensions\redhat.java-1.41.2025031912-win32-x64\jre\21.0.6-win32-x86_64\bin\verify.dll
Event: 3.815 Loaded shared library C:\Users\DAYANA\AppData\Roaming\Code\User\globalStorage\redhat.java\1.41.2025031912\config_win\org.eclipse.equinox.launcher\org.eclipse.equinox.launcher.win32.win32.x86_64_1.2.1200.v20250212-0927\eclipse_11909.dll
Event: 8.209 Loaded shared library C:\Users\DAYANA\AppData\Local\Temp\jna-2009527480\jna5873826746219767562.dll

Deoptimization events (20 events):
Event: 12.582 Thread 0x0000028340886090 Uncommon trap: trap_request=0xffffffc6 fr.pc=0x0000028336b14e8c relative=0x0000000000000f2c
Event: 12.582 Thread 0x0000028340886090 Uncommon trap: reason=bimorphic_or_optimized_type_check action=maybe_recompile pc=0x0000028336b14e8c method=java.util.Properties$LineReader.readLine()I @ 479 c2
Event: 12.582 Thread 0x0000028340886090 DEOPT PACKING pc=0x0000028336b14e8c sp=0x000000d2b50fe1c0
Event: 12.582 Thread 0x0000028340886090 DEOPT UNPACKING pc=0x00000283364c3aa2 sp=0x000000d2b50fe148 mode 2
Event: 12.583 Thread 0x0000028340886090 Uncommon trap: trap_request=0xffffffc6 fr.pc=0x0000028336b14e8c relative=0x0000000000000f2c
Event: 12.583 Thread 0x0000028340886090 Uncommon trap: reason=bimorphic_or_optimized_type_check action=maybe_recompile pc=0x0000028336b14e8c method=java.util.Properties$LineReader.readLine()I @ 479 c2
Event: 12.583 Thread 0x0000028340886090 DEOPT PACKING pc=0x0000028336b14e8c sp=0x000000d2b50fe1c0
Event: 12.583 Thread 0x0000028340886090 DEOPT UNPACKING pc=0x00000283364c3aa2 sp=0x000000d2b50fe148 mode 2
Event: 12.584 Thread 0x0000028340886090 Uncommon trap: trap_request=0xffffffc6 fr.pc=0x0000028336b14e8c relative=0x0000000000000f2c
Event: 12.584 Thread 0x0000028340886090 Uncommon trap: reason=bimorphic_or_optimized_type_check action=maybe_recompile pc=0x0000028336b14e8c method=java.util.Properties$LineReader.readLine()I @ 479 c2
Event: 12.584 Thread 0x0000028340886090 DEOPT PACKING pc=0x0000028336b14e8c sp=0x000000d2b50fe1c0
Event: 12.584 Thread 0x0000028340886090 DEOPT UNPACKING pc=0x00000283364c3aa2 sp=0x000000d2b50fe148 mode 2
Event: 12.718 Thread 0x0000028340886720 Uncommon trap: trap_request=0xffffff45 fr.pc=0x0000028336ae1464 relative=0x00000000000008a4
Event: 12.718 Thread 0x0000028340886720 Uncommon trap: reason=unstable_if action=reinterpret pc=0x0000028336ae1464 method=jdk.internal.org.objectweb.asm.SymbolTable.put(Ljdk/internal/org/objectweb/asm/SymbolTable$Entry;)Ljdk/internal/org/objectweb/asm/SymbolTable$Entry; @ 13 c2
Event: 12.718 Thread 0x0000028340886720 DEOPT PACKING pc=0x0000028336ae1464 sp=0x000000d2b4dfd700
Event: 12.718 Thread 0x0000028340886720 DEOPT UNPACKING pc=0x00000283364c3aa2 sp=0x000000d2b4dfd618 mode 2
Event: 12.751 Thread 0x0000028340886090 Uncommon trap: trap_request=0xffffff45 fr.pc=0x0000028336bae1cc relative=0x0000000000001e8c
Event: 12.751 Thread 0x0000028340886090 Uncommon trap: reason=unstable_if action=reinterpret pc=0x0000028336bae1cc method=sun.nio.fs.WindowsPathParser.nextNonSlash(Ljava/lang/String;II)I @ 2 c2
Event: 12.751 Thread 0x0000028340886090 DEOPT PACKING pc=0x0000028336bae1cc sp=0x000000d2b50fd200
Event: 12.751 Thread 0x0000028340886090 DEOPT UNPACKING pc=0x00000283364c3aa2 sp=0x000000d2b50fd190 mode 2

Classes loaded (20 events):
Event: 12.230 Loading class javax/xml/parsers/FactoryConfigurationError
Event: 12.230 Loading class javax/xml/parsers/FactoryConfigurationError done
Event: 12.281 Loading class java/lang/ProcessEnvironment
Event: 12.282 Loading class java/lang/ProcessEnvironment done
Event: 12.365 Loading class java/lang/annotation/ElementType
Event: 12.366 Loading class java/lang/annotation/ElementType done
Event: 12.533 Loading class java/lang/reflect/ParameterizedType
Event: 12.533 Loading class java/lang/reflect/ParameterizedType done
Event: 12.538 Loading class java/lang/reflect/WildcardType
Event: 12.538 Loading class java/lang/reflect/WildcardType done
Event: 12.546 Loading class sun/reflect/generics/tree/TypeVariableSignature
Event: 12.546 Loading class sun/reflect/generics/tree/TypeVariableSignature done
Event: 12.743 Loading class java/io/UncheckedIOException
Event: 12.744 Loading class java/io/UncheckedIOException done
Event: 12.746 Loading class java/util/ImmutableCollections$Access
Event: 12.747 Loading class java/util/ImmutableCollections$Access done
Event: 12.747 Loading class java/util/ImmutableCollections$Access$1
Event: 12.747 Loading class jdk/internal/access/JavaUtilCollectionAccess
Event: 12.748 Loading class jdk/internal/access/JavaUtilCollectionAccess done
Event: 12.748 Loading class java/util/ImmutableCollections$Access$1 done

Classes unloaded (7 events):
Event: 10.174 Thread 0x00000283407de000 Unloading class 0x000002834219fc00 'java/lang/invoke/LambdaForm$MH+0x000002834219fc00'
Event: 10.174 Thread 0x00000283407de000 Unloading class 0x000002834219f800 'java/lang/invoke/LambdaForm$MH+0x000002834219f800'
Event: 10.174 Thread 0x00000283407de000 Unloading class 0x000002834219f400 'java/lang/invoke/LambdaForm$MH+0x000002834219f400'
Event: 10.174 Thread 0x00000283407de000 Unloading class 0x000002834219f000 'java/lang/invoke/LambdaForm$MH+0x000002834219f000'
Event: 10.174 Thread 0x00000283407de000 Unloading class 0x000002834219ec00 'java/lang/invoke/LambdaForm$BMH+0x000002834219ec00'
Event: 10.174 Thread 0x00000283407de000 Unloading class 0x000002834219e800 'java/lang/invoke/LambdaForm$DMH+0x000002834219e800'
Event: 10.174 Thread 0x00000283407de000 Unloading class 0x000002834219d400 'java/lang/invoke/LambdaForm$DMH+0x000002834219d400'

Classes redefined (0 events):
No events

Internal exceptions (20 events):
Event: 9.840 Thread 0x000002838757ffd0 Exception <a 'java/lang/NoSuchMethodError'{0x00000000eb962f48}: 'java.lang.Object java.lang.invoke.DirectMethodHandle$Holder.newInvokeSpecial(java.lang.Object, java.lang.Object, java.lang.Object, java.lang.Object, java.lang.Object, java.lang.Object, java.lang.Object)'> (0x00000000eb962f48) 
thrown [s\src\hotspot\share\interpreter\linkResolver.cpp, line 773]
Event: 9.964 Thread 0x000002838757ffd0 Exception <a 'java/lang/NoSuchMethodError'{0x00000000eb9db040}: 'java.lang.Object java.lang.invoke.Invokers$Holder.invoker(java.lang.Object, java.lang.Object, java.lang.Object, java.lang.Object, java.lang.Object, java.lang.Object, java.lang.Object, java.lang.Object, java.lang.Object, java.lang.Object, java.lang.Object, java.lang.Object, java.lang.Object)'> (0x00000000eb9db040) 
thrown [s\src\hotspot\share\interpreter\linkResolver.cpp, line 773]
Event: 9.965 Thread 0x000002838757ffd0 Exception <a 'java/lang/NoSuchMethodError'{0x00000000eb9e5850}: 'java.lang.Object java.lang.invoke.DelegatingMethodHandle$Holder.delegate(java.lang.Object, java.lang.Object, java.lang.Object, java.lang.Object, java.lang.Object, java.lang.Object, java.lang.Object, java.lang.Object, java.lang.Object, java.lang.Object, java.lang.Object, java.lang.Object, java.lang.Object)'> (0x00000000eb9e5850) 
thrown [s\src\hotspot\share\interpreter\linkResolver.cpp, line 773]
Event: 10.024 Thread 0x000002838757ffd0 Exception <a 'java/lang/NoSuchMethodError'{0x00000000eba4b5c0}: static Lorg/eclipse/m2e/core/internal/lifecyclemapping/model/PluginExecutionMetadata;.<clinit>()V> (0x00000000eba4b5c0) 
thrown [s\src\hotspot\share\prims\jni.cpp, line 1111]
Event: 10.045 Thread 0x000002838757ffd0 Exception <a 'java/lang/NoSuchMethodError'{0x00000000ebaa6e08}: static Lorg/eclipse/m2e/core/internal/lifecyclemapping/model/PluginExecutionFilter;.<clinit>()V> (0x00000000ebaa6e08) 
thrown [s\src\hotspot\share\prims\jni.cpp, line 1111]
Event: 10.059 Thread 0x000002838757ffd0 Exception <a 'java/lang/NoSuchMethodError'{0x00000000ebad6f78}: static Lorg/eclipse/m2e/core/internal/project/registry/MavenProjectFacade$MavenProjectConfiguration;.<clinit>()V> (0x00000000ebad6f78) 
thrown [s\src\hotspot\share\prims\jni.cpp, line 1111]
Event: 10.554 Thread 0x000002838757ffd0 Exception <a 'java/lang/NoSuchMethodError'{0x00000000eb040d30}: 'double java.lang.invoke.DirectMethodHandle$Holder.invokeStatic(java.lang.Object, java.lang.Object)'> (0x00000000eb040d30) 
thrown [s\src\hotspot\share\interpreter\linkResolver.cpp, line 773]
Event: 10.560 Thread 0x000002838757ffd0 Exception <a 'java/lang/NoSuchMethodError'{0x00000000eb077bd0}: 'double java.lang.invoke.DirectMethodHandle$Holder.invokeStaticInit(java.lang.Object, java.lang.Object)'> (0x00000000eb077bd0) 
thrown [s\src\hotspot\share\interpreter\linkResolver.cpp, line 773]
Event: 10.888 Thread 0x000002838757ffd0 Exception <a 'java/io/FileNotFoundException'{0x00000000ec215998}> (0x00000000ec215998) 
thrown [s\src\hotspot\share\prims\jni.cpp, line 520]
Event: 10.888 Thread 0x000002838757ffd0 Exception <a 'java/io/FileNotFoundException'{0x00000000ec216818}> (0x00000000ec216818) 
thrown [s\src\hotspot\share\prims\jni.cpp, line 520]
Event: 10.890 Thread 0x000002838757ffd0 Exception <a 'java/io/FileNotFoundException'{0x00000000ec217798}> (0x00000000ec217798) 
thrown [s\src\hotspot\share\prims\jni.cpp, line 520]
Event: 11.168 Thread 0x000002838757ffd0 Implicit null exception at 0x0000028336bfe575 to 0x0000028336bfe650
Event: 11.433 Thread 0x000002838757ffd0 Exception <a 'java/lang/NoSuchMethodError'{0x00000000eb7d6560}: 'java.lang.Object java.lang.invoke.DirectMethodHandle$Holder.newInvokeSpecial(java.lang.Object, int, java.lang.Object, java.lang.Object)'> (0x00000000eb7d6560) 
thrown [s\src\hotspot\share\interpreter\linkResolver.cpp, line 773]
Event: 11.437 Thread 0x000002838757ffd0 Exception <a 'java/io/FileNotFoundException'{0x00000000eb7f8ce0}> (0x00000000eb7f8ce0) 
thrown [s\src\hotspot\share\prims\jni.cpp, line 520]
Event: 11.475 Thread 0x0000028340886720 Exception <a 'java/lang/NoSuchMethodError'{0x00000000eb8af588}: 'java.lang.Object java.lang.invoke.DirectMethodHandle$Holder.invokeSpecialIFC(java.lang.Object, java.lang.Object, java.lang.Object, java.lang.Object)'> (0x00000000eb8af588) 
thrown [s\src\hotspot\share\interpreter\linkResolver.cpp, line 773]
Event: 12.135 Thread 0x000002838757ffd0 Exception <a 'java/lang/ClassNotFoundException'{0x00000000eb2e5b20}: com/sun/org/apache/xerces/internal/impl/msg/spi/DOMMessagesProvider> (0x00000000eb2e5b20) 
thrown [s\src\hotspot\share\classfile\systemDictionary.cpp, line 312]
Event: 12.139 Thread 0x000002838757ffd0 Exception <a 'java/lang/ClassNotFoundException'{0x00000000eb30a0b0}: com/sun/org/apache/xerces/internal/impl/msg/spi/XMLSerializerMessagesProvider> (0x00000000eb30a0b0) 
thrown [s\src\hotspot\share\classfile\systemDictionary.cpp, line 312]
Event: 12.147 Thread 0x000002838757ffd0 Exception <a 'java/lang/ClassNotFoundException'{0x00000000eb322678}: com/sun/org/apache/xerces/internal/impl/msg/spi/XMLMessagesProvider> (0x00000000eb322678) 
thrown [s\src\hotspot\share\classfile\systemDictionary.cpp, line 312]
Event: 12.216 Thread 0x0000028340886720 Exception <a 'java/lang/NoSuchMethodError'{0x00000000eb68f300}: 'int java.lang.invoke.DirectMethodHandle$Holder.invokeStatic(java.lang.Object, java.lang.Object, java.lang.Object, java.lang.Object, java.lang.Object)'> (0x00000000eb68f300) 
thrown [s\src\hotspot\share\interpreter\linkResolver.cpp, line 773]
Event: 12.555 Thread 0x0000028340886090 Exception <a 'java/lang/NoSuchMethodError'{0x00000000ebdaea88}: 'int java.lang.invoke.DirectMethodHandle$Holder.invokeSpecial(java.lang.Object, java.lang.Object, java.lang.Object, java.lang.Object)'> (0x00000000ebdaea88) 
thrown [s\src\hotspot\share\interpreter\linkResolver.cpp, line 773]

ZGC Phase Switch (0 events):
No events

VM Operations (20 events):
Event: 9.016 Executing VM operation: ICBufferFull done
Event: 9.086 Executing VM operation: ParallelGCFailedAllocation (Allocation Failure)
Event: 9.103 Executing VM operation: ParallelGCFailedAllocation (Allocation Failure) done
Event: 9.642 Executing VM operation: HandshakeAllThreads (Deoptimize)
Event: 9.642 Executing VM operation: HandshakeAllThreads (Deoptimize) done
Event: 10.137 Executing VM operation: CollectForMetadataAllocation (Metadata GC Threshold)
Event: 10.254 Executing VM operation: CollectForMetadataAllocation (Metadata GC Threshold) done
Event: 10.453 Executing VM operation: HandshakeAllThreads (Deoptimize)
Event: 10.459 Executing VM operation: HandshakeAllThreads (Deoptimize) done
Event: 10.911 Executing VM operation: ParallelGCFailedAllocation (Allocation Failure)
Event: 10.913 Executing VM operation: ParallelGCFailedAllocation (Allocation Failure) done
Event: 11.289 Executing VM operation: ParallelGCFailedAllocation (Allocation Failure)
Event: 11.291 Executing VM operation: ParallelGCFailedAllocation (Allocation Failure) done
Event: 11.391 Executing VM operation: HandshakeAllThreads (Deoptimize)
Event: 11.392 Executing VM operation: HandshakeAllThreads (Deoptimize) done
Event: 11.839 Executing VM operation: ParallelGCFailedAllocation (Allocation Failure)
Event: 11.846 Executing VM operation: ParallelGCFailedAllocation (Allocation Failure) done
Event: 11.898 Executing VM operation: HandshakeAllThreads (Deoptimize)
Event: 11.898 Executing VM operation: HandshakeAllThreads (Deoptimize) done
Event: 12.284 Executing VM operation: HandshakeAllThreads (Deoptimize)

Memory protections (0 events):
No events

Nmethod flushes (0 events):
No events

Events (20 events):
Event: 5.180 Thread 0x000002838747e350 Thread exited: 0x000002838747e350
Event: 5.288 Thread 0x000002838757ffd0 Thread added: 0x000002838747e350
Event: 5.676 Thread 0x00000283407fb0e0 Thread added: 0x0000028387a1a0d0
Event: 6.203 Thread 0x000002838757ffd0 Thread added: 0x0000028340887ad0
Event: 6.445 Thread 0x0000028387a1a0d0 Thread exited: 0x0000028387a1a0d0
Event: 6.659 Thread 0x00000283408104c0 Thread added: 0x0000028382a1eed0
Event: 6.862 Thread 0x0000028382a1eed0 Thread exited: 0x0000028382a1eed0
Event: 8.289 Thread 0x000002838757ffd0 Thread added: 0x0000028340885a00
Event: 8.396 Thread 0x000002838757ffd0 Thread added: 0x0000028340886720
Event: 8.439 Thread 0x000002838757ffd0 Thread added: 0x0000028340884ce0
Event: 8.614 Thread 0x00000283408104c0 Thread added: 0x0000028387ce4a90
Event: 8.659 Thread 0x0000028340884ce0 Thread added: 0x0000028340886090
Event: 9.515 Thread 0x0000028387ce4a90 Thread exited: 0x0000028387ce4a90
Event: 9.816 Thread 0x00000283407fb0e0 Thread added: 0x000002838800e3a0
Event: 9.960 Thread 0x000002838800e3a0 Thread exited: 0x000002838800e3a0
Event: 10.621 Thread 0x00000283408104c0 Thread added: 0x0000028388634380
Event: 10.995 Thread 0x0000028388634380 Thread exited: 0x0000028388634380
Event: 11.410 Thread 0x00000283408104c0 Thread added: 0x00000283885c68b0
Event: 12.195 Thread 0x000002838757ffd0 Thread added: 0x0000028340888160
Event: 12.198 Thread 0x0000028340884ce0 Thread added: 0x0000028340885370


Dynamic libraries:
0x00007ff7362f0000 - 0x00007ff7362fe000 	c:\Users\DAYANA\.vscode\extensions\redhat.java-1.41.2025031912-win32-x64\jre\21.0.6-win32-x86_64\bin\java.exe
0x00007fff360d0000 - 0x00007fff362c8000 	C:\Windows\SYSTEM32\ntdll.dll
0x00007fff340f0000 - 0x00007fff341b2000 	C:\Windows\System32\KERNEL32.DLL
0x00007fff33c20000 - 0x00007fff33f1f000 	C:\Windows\System32\KERNELBASE.dll
0x00007fff33770000 - 0x00007fff33870000 	C:\Windows\System32\ucrtbase.dll
0x00007fff1d690000 - 0x00007fff1d6ae000 	c:\Users\DAYANA\.vscode\extensions\redhat.java-1.41.2025031912-win32-x64\jre\21.0.6-win32-x86_64\bin\VCRUNTIME140.dll
0x00007fff230e0000 - 0x00007fff230f8000 	c:\Users\DAYANA\.vscode\extensions\redhat.java-1.41.2025031912-win32-x64\jre\21.0.6-win32-x86_64\bin\jli.dll
0x00007fff34650000 - 0x00007fff347ed000 	C:\Windows\System32\USER32.dll
0x00007fff33f70000 - 0x00007fff33f92000 	C:\Windows\System32\win32u.dll
0x00007fff1df70000 - 0x00007fff1e20a000 	C:\Windows\WinSxS\amd64_microsoft.windows.common-controls_6595b64144ccf1df_6.0.19041.4355_none_60b8b9eb71f62e16\COMCTL32.dll
0x00007fff34620000 - 0x00007fff3464b000 	C:\Windows\System32\GDI32.dll
0x00007fff341c0000 - 0x00007fff3425e000 	C:\Windows\System32\msvcrt.dll
0x00007fff33b00000 - 0x00007fff33c1a000 	C:\Windows\System32\gdi32full.dll
0x00007fff33fa0000 - 0x00007fff3403d000 	C:\Windows\System32\msvcp_win.dll
0x00007fff35d70000 - 0x00007fff35d9f000 	C:\Windows\System32\IMM32.DLL
0x00007fff2c0c0000 - 0x00007fff2c0cc000 	c:\Users\DAYANA\.vscode\extensions\redhat.java-1.41.2025031912-win32-x64\jre\21.0.6-win32-x86_64\bin\vcruntime140_1.dll
0x00007fff01040000 - 0x00007fff010cd000 	c:\Users\DAYANA\.vscode\extensions\redhat.java-1.41.2025031912-win32-x64\jre\21.0.6-win32-x86_64\bin\msvcp140.dll
0x00007ffee9860000 - 0x00007ffeea5f0000 	c:\Users\DAYANA\.vscode\extensions\redhat.java-1.41.2025031912-win32-x64\jre\21.0.6-win32-x86_64\bin\server\jvm.dll
0x00007fff35550000 - 0x00007fff355ff000 	C:\Windows\System32\ADVAPI32.dll
0x00007fff35eb0000 - 0x00007fff35f4f000 	C:\Windows\System32\sechost.dll
0x00007fff35f60000 - 0x00007fff36083000 	C:\Windows\System32\RPCRT4.dll
0x00007fff338e0000 - 0x00007fff33907000 	C:\Windows\System32\bcrypt.dll
0x00007fff348d0000 - 0x00007fff3493b000 	C:\Windows\System32\WS2_32.dll
0x00007fff32cb0000 - 0x00007fff32cfb000 	C:\Windows\SYSTEM32\POWRPROF.dll
0x00007fff1f730000 - 0x00007fff1f757000 	C:\Windows\SYSTEM32\WINMM.dll
0x00007fff23dd0000 - 0x00007fff23dda000 	C:\Windows\SYSTEM32\VERSION.dll
0x00007fff32b70000 - 0x00007fff32b82000 	C:\Windows\SYSTEM32\UMPDC.dll
0x00007fff315f0000 - 0x00007fff31602000 	C:\Windows\SYSTEM32\kernel.appcore.dll
0x00007fff2c0a0000 - 0x00007fff2c0aa000 	c:\Users\DAYANA\.vscode\extensions\redhat.java-1.41.2025031912-win32-x64\jre\21.0.6-win32-x86_64\bin\jimage.dll
0x00007fff1ecf0000 - 0x00007fff1eed4000 	C:\Windows\SYSTEM32\DBGHELP.DLL
0x00007fff1e3c0000 - 0x00007fff1e3f4000 	C:\Windows\SYSTEM32\dbgcore.DLL
0x00007fff33910000 - 0x00007fff33992000 	C:\Windows\System32\bcryptPrimitives.dll
0x00007fff27fb0000 - 0x00007fff27fbf000 	c:\Users\DAYANA\.vscode\extensions\redhat.java-1.41.2025031912-win32-x64\jre\21.0.6-win32-x86_64\bin\instrument.dll
0x00007fff1d670000 - 0x00007fff1d68f000 	c:\Users\DAYANA\.vscode\extensions\redhat.java-1.41.2025031912-win32-x64\jre\21.0.6-win32-x86_64\bin\java.dll
0x00007fff35600000 - 0x00007fff35d6d000 	C:\Windows\System32\SHELL32.dll
0x00007fff317f0000 - 0x00007fff31f94000 	C:\Windows\SYSTEM32\windows.storage.dll
0x00007fff34af0000 - 0x00007fff34e45000 	C:\Windows\System32\combase.dll
0x00007fff331a0000 - 0x00007fff331cb000 	C:\Windows\SYSTEM32\Wldp.dll
0x00007fff34940000 - 0x00007fff34a0d000 	C:\Windows\System32\OLEAUT32.dll
0x00007fff34390000 - 0x00007fff3443d000 	C:\Windows\System32\SHCORE.dll
0x00007fff35da0000 - 0x00007fff35df5000 	C:\Windows\System32\shlwapi.dll
0x00007fff336a0000 - 0x00007fff336c5000 	C:\Windows\SYSTEM32\profapi.dll
0x00007fff18c40000 - 0x00007fff18c58000 	c:\Users\DAYANA\.vscode\extensions\redhat.java-1.41.2025031912-win32-x64\jre\21.0.6-win32-x86_64\bin\zip.dll
0x00007fff24190000 - 0x00007fff241a0000 	C:\Users\DAYANA\.vscode\extensions\redhat.java-1.41.2025031912-win32-x64\jre\21.0.6-win32-x86_64\bin\net.dll
0x00007fff29ec0000 - 0x00007fff29fca000 	C:\Windows\SYSTEM32\WINHTTP.dll
0x00007fff32f00000 - 0x00007fff32f6c000 	C:\Windows\system32\mswsock.dll
0x00007fff18a00000 - 0x00007fff18a16000 	C:\Users\DAYANA\.vscode\extensions\redhat.java-1.41.2025031912-win32-x64\jre\21.0.6-win32-x86_64\bin\nio.dll
0x00007fff230d0000 - 0x00007fff230e0000 	c:\Users\DAYANA\.vscode\extensions\redhat.java-1.41.2025031912-win32-x64\jre\21.0.6-win32-x86_64\bin\verify.dll
0x00007fff0a870000 - 0x00007fff0a8b5000 	C:\Users\DAYANA\AppData\Roaming\Code\User\globalStorage\redhat.java\1.41.2025031912\config_win\org.eclipse.equinox.launcher\org.eclipse.equinox.launcher.win32.win32.x86_64_1.2.1200.v20250212-0927\eclipse_11909.dll
0x00007fff34440000 - 0x00007fff3456b000 	C:\Windows\System32\ole32.dll
0x00007fff33100000 - 0x00007fff33118000 	C:\Windows\SYSTEM32\CRYPTSP.dll
0x00007fff327b0000 - 0x00007fff327e8000 	C:\Windows\system32\rsaenh.dll
0x00007fff33620000 - 0x00007fff3364e000 	C:\Windows\SYSTEM32\USERENV.dll
0x00007fff330f0000 - 0x00007fff330fc000 	C:\Windows\SYSTEM32\CRYPTBASE.dll
0x00007fff32b90000 - 0x00007fff32bcb000 	C:\Windows\SYSTEM32\IPHLPAPI.DLL
0x00007fff35f50000 - 0x00007fff35f58000 	C:\Windows\System32\NSI.dll
0x00007fff1d580000 - 0x00007fff1d5c9000 	C:\Users\DAYANA\AppData\Local\Temp\jna-2009527480\jna5873826746219767562.dll
0x00007fff35060000 - 0x00007fff35068000 	C:\Windows\System32\PSAPI.DLL

dbghelp: loaded successfully - version: 4.0.5 - missing functions: none
symbol engine: initialized successfully - sym options: 0x614 - pdb path: .;c:\Users\DAYANA\.vscode\extensions\redhat.java-1.41.2025031912-win32-x64\jre\21.0.6-win32-x86_64\bin;C:\Windows\SYSTEM32;C:\Windows\WinSxS\amd64_microsoft.windows.common-controls_6595b64144ccf1df_6.0.19041.4355_none_60b8b9eb71f62e16;c:\Users\DAYANA\.vscode\extensions\redhat.java-1.41.2025031912-win32-x64\jre\21.0.6-win32-x86_64\bin\server;C:\Users\DAYANA\AppData\Roaming\Code\User\globalStorage\redhat.java\1.41.2025031912\config_win\org.eclipse.equinox.launcher\org.eclipse.equinox.launcher.win32.win32.x86_64_1.2.1200.v20250212-0927;C:\Users\DAYANA\AppData\Local\Temp\jna-2009527480

VM Arguments:
jvm_args: --add-modules=ALL-SYSTEM --add-opens=java.base/java.util=ALL-UNNAMED --add-opens=java.base/java.lang=ALL-UNNAMED --add-opens=java.base/sun.nio.fs=ALL-UNNAMED -Declipse.application=org.eclipse.jdt.ls.core.id1 -Dosgi.bundles.defaultStartLevel=4 -Declipse.product=org.eclipse.jdt.ls.core.product -Djava.import.generatesMetadataFilesAtProjectRoot=false -DDetectVMInstallationsJob.disabled=true -Dfile.encoding=utf8 -XX:+UseParallelGC -XX:GCTimeRatio=4 -XX:AdaptiveSizePolicyWeight=90 -Dsun.zip.disableMemoryMapping=true -Xmx1G -Xms100m -Xlog:disable -javaagent:c:\Users\DAYANA\.vscode\extensions\redhat.java-1.41.2025031912-win32-x64\lombok\lombok-1.18.36.jar -XX:+HeapDumpOnOutOfMemoryError -XX:HeapDumpPath=c:\Users\DAYANA\AppData\Roaming\Code\User\workspaceStorage\1da6c3c6b0dbd5d798585308e19b6636\redhat.java -Daether.dependencyCollector.impl=bf 
java_command: c:\Users\DAYANA\.vscode\extensions\redhat.java-1.41.2025031912-win32-x64\server\plugins\org.eclipse.equinox.launcher_1.6.1100.v20250306-0509.jar -configuration c:\Users\DAYANA\AppData\Roaming\Code\User\globalStorage\redhat.java\1.41.2025031912\config_win -data c:\Users\DAYANA\AppData\Roaming\Code\User\workspaceStorage\1da6c3c6b0dbd5d798585308e19b6636\redhat.java\jdt_ws --pipe=\\.\pipe\lsp-af9c0f74c59238285108089802905b7c-sock
java_class_path (initial): c:\Users\DAYANA\.vscode\extensions\redhat.java-1.41.2025031912-win32-x64\server\plugins\org.eclipse.equinox.launcher_1.6.1100.v20250306-0509.jar
Launcher Type: SUN_STANDARD

[Global flags]
    uintx AdaptiveSizePolicyWeight                 = 90                                        {product} {command line}
     intx CICompilerCount                          = 3                                         {product} {ergonomic}
    uintx GCTimeRatio                              = 4                                         {product} {command line}
     bool HeapDumpOnOutOfMemoryError               = true                                   {manageable} {command line}
    ccstr HeapDumpPath                             = c:\Users\DAYANA\AppData\Roaming\Code\User\workspaceStorage\1da6c3c6b0dbd5d798585308e19b6636\redhat.java         {manageable} {command line}
   size_t InitialHeapSize                          = 104857600                                 {product} {command line}
   size_t MaxHeapSize                              = 1073741824                                {product} {command line}
   size_t MaxNewSize                               = 357564416                                 {product} {ergonomic}
   size_t MinHeapDeltaBytes                        = 524288                                    {product} {ergonomic}
   size_t MinHeapSize                              = 104857600                                 {product} {command line}
   size_t NewSize                                  = 34603008                                  {product} {ergonomic}
    uintx NonNMethodCodeHeapSize                   = 5832780                                {pd product} {ergonomic}
    uintx NonProfiledCodeHeapSize                  = 122912730                              {pd product} {ergonomic}
   size_t OldSize                                  = 70254592                                  {product} {ergonomic}
    uintx ProfiledCodeHeapSize                     = 122912730                              {pd product} {ergonomic}
    uintx ReservedCodeCacheSize                    = 251658240                              {pd product} {ergonomic}
     bool SegmentedCodeCache                       = true                                      {product} {ergonomic}
   size_t SoftMaxHeapSize                          = 1073741824                             {manageable} {ergonomic}
     bool UseCompressedOops                        = true                           {product lp64_product} {ergonomic}
     bool UseLargePagesIndividualAllocation        = false                                  {pd product} {ergonomic}
     bool UseParallelGC                            = true                                      {product} {command line}

Logging:
Log output configuration:
 #0: stdout all=off uptime,level,tags foldmultilines=false
 #1: stderr all=off uptime,level,tags foldmultilines=false

Environment Variables:
JAVA_HOME=C:\Program Files\Eclipse Adoptium\jdk-17.0.13.11-hotspot\
PATH=C:\Program Files\Eclipse Adoptium\jdk-17.0.13.11-hotspot\bin;C:\Program Files\Eclipse Adoptium\jre-17.0.13.11-hotspot\bin;C:\Program Files\Common Files\Oracle\Java\javapath;C:\ProgramData\Oracle\Java\javapath;C:\Windows\system32;C:\Windows;C:\Windows\System32\Wbem;C:\Windows\System32\WindowsPowerShell\v1.0\;C:\Windows\System32\OpenSSH\;C:\xampp\php;C:\ProgramData\ComposerSetup\bin;C:\Program Files\nodejs\;C:\Program Files\Git\cmd;C:\Users\DAYANA\AppData\Local\Programs\Python\Python312;C:\Program Files\Java\jdk-17\bin;C:\Program Files\MySQL\MySQL Shell 8.0\bin\;C:\Users\DAYANA\AppData\Local\Programs\Python\Python312\Scripts\;C:\Users\DAYANA\AppData\Local\Programs\Python\Python312\;C:\Users\DAYANA\AppData\Local\Programs\Python\Launcher\;C:\Users\DAYANA\AppData\Local\Microsoft\WindowsApps;C:\Users\DAYANA\AppData\Roaming\Composer\vendor\bin;C:\Users\DAYANA\AppData\Roaming\npm;C:\Users\DAYANA\AppData\Local\Programs\Microsoft VS Code\bin;C:\Users\DAYANA\AppData\Local\GitHubDesktop\bin;C:\Program Files\JetBrains\IntelliJ IDEA Community Edition 2024.3\bin;
USERNAME=DAYANA
OS=Windows_NT
PROCESSOR_IDENTIFIER=Intel64 Family 6 Model 69 Stepping 1, GenuineIntel
TMP=C:\Users\DAYANA\AppData\Local\Temp
TEMP=C:\Users\DAYANA\AppData\Local\Temp




Periodic native trim disabled

---------------  S Y S T E M  ---------------

OS:
 Windows 10 , 64 bit Build 19041 (10.0.19041.5438)
OS uptime: 0 days 4:44 hours

CPU: total 4 (initial active 4) (2 cores per cpu, 2 threads per core) family 6 model 69 stepping 1 microcode 0x25, cx8, cmov, fxsr, ht, mmx, sse, sse2, sse3, ssse3, sse4.1, sse4.2, popcnt, lzcnt, tsc, tscinvbit, avx, avx2, aes, erms, clmul, bmi1, bmi2, fma, vzeroupper, clflush, rdtscp, f16c
Processor Information for the first 4 processors :
  Max Mhz: 1901, Current Mhz: 1900, Mhz Limit: 1881

Memory: 4k page, system-wide physical 4004M (752M free)
TotalPageFile size 13956M (AvailPageFile size 2782M)
current process WorkingSet (physical memory assigned to process): 185M, peak: 185M
current process commit charge ("private bytes"): 269M, peak: 269M

vm_info: OpenJDK 64-Bit Server VM (21.0.6+7-LTS) for windows-amd64 JRE (21.0.6+7-LTS), built on 2025-01-21T00:00:00Z by "admin" with MS VC++ 17.7 (VS2022)

END.
